[0.064s] DEBUG:colcon:Command line arguments: ['/usr/bin/colcon', 'build', '--symlink-install']
[0.064s] DEBUG:colcon:Parsed command line arguments: Namespace(log_base=None, log_level=None, verb_name='build', build_base='build', install_base='install', merge_install=False, symlink_install=True, test_result_base=None, continue_on_error=False, executor='parallel', parallel_workers=12, event_handlers=None, ignore_user_meta=False, metas=['./colcon.meta'], base_paths=['.'], packages_ignore=None, packages_ignore_regex=None, paths=None, packages_up_to=None, packages_up_to_regex=None, packages_above=None, packages_above_and_dependencies=None, packages_above_depth=None, packages_select_by_dep=None, packages_skip_by_dep=None, packages_skip_up_to=None, packages_select_build_failed=False, packages_skip_build_finished=False, packages_select_test_failures=False, packages_skip_test_passed=False, packages_select=None, packages_skip=None, packages_select_regex=None, packages_skip_regex=None, packages_start=None, packages_end=None, allow_overriding=[], cmake_args=None, cmake_target=None, cmake_target_skip_unavailable=False, cmake_clean_cache=False, cmake_clean_first=False, cmake_force_configure=False, ament_cmake_args=None, catkin_cmake_args=None, catkin_skip_building_tests=False, mixin_files=None, mixin=None, verb_parser=<colcon_mixin.mixin.mixin_argument.MixinArgumentDecorator object at 0x74987ca30e20>, verb_extension=<colcon_core.verb.build.BuildVerb object at 0x74987ca30910>, main=<bound method BuildVerb.main of <colcon_core.verb.build.BuildVerb object at 0x74987ca30910>>, mixin_verb=('build',))
[0.146s] Level 1:colcon.colcon_core.package_discovery:discover_packages(colcon_meta) check parameters
[0.146s] Level 1:colcon.colcon_core.package_discovery:discover_packages(recursive) check parameters
[0.146s] Level 1:colcon.colcon_core.package_discovery:discover_packages(ignore) check parameters
[0.146s] Level 1:colcon.colcon_core.package_discovery:discover_packages(path) check parameters
[0.146s] Level 1:colcon.colcon_core.package_discovery:discover_packages(colcon_meta) discover
[0.146s] Level 1:colcon.colcon_core.package_discovery:discover_packages(recursive) discover
[0.147s] INFO:colcon.colcon_core.package_discovery:Crawling recursively for packages in '/home/matei/ur_yt_ws'
[0.147s] Level 1:colcon.colcon_core.package_identification:_identify(.) by extensions ['ignore', 'ignore_ament_install']
[0.147s] Level 1:colcon.colcon_core.package_identification:_identify(.) by extension 'ignore'
[0.147s] Level 1:colcon.colcon_core.package_identification:_identify(.) by extension 'ignore_ament_install'
[0.147s] Level 1:colcon.colcon_core.package_identification:_identify(.) by extensions ['colcon_pkg']
[0.147s] Level 1:colcon.colcon_core.package_identification:_identify(.) by extension 'colcon_pkg'
[0.147s] Level 1:colcon.colcon_core.package_identification:_identify(.) by extensions ['colcon_meta']
[0.147s] Level 1:colcon.colcon_core.package_identification:_identify(.) by extension 'colcon_meta'
[0.147s] Level 1:colcon.colcon_core.package_identification:_identify(.) by extensions ['ros']
[0.147s] Level 1:colcon.colcon_core.package_identification:_identify(.) by extension 'ros'
[0.153s] Level 1:colcon.colcon_core.package_identification:_identify(.) by extensions ['cmake', 'python']
[0.153s] Level 1:colcon.colcon_core.package_identification:_identify(.) by extension 'cmake'
[0.153s] Level 1:colcon.colcon_core.package_identification:_identify(.) by extension 'python'
[0.154s] Level 1:colcon.colcon_core.package_identification:_identify(.) by extensions ['python_setup_py']
[0.154s] Level 1:colcon.colcon_core.package_identification:_identify(.) by extension 'python_setup_py'
[0.154s] Level 1:colcon.colcon_core.package_identification:_identify(build) by extensions ['ignore', 'ignore_ament_install']
[0.154s] Level 1:colcon.colcon_core.package_identification:_identify(build) by extension 'ignore'
[0.154s] Level 1:colcon.colcon_core.package_identification:_identify(build) ignored
[0.154s] Level 1:colcon.colcon_core.package_identification:_identify(install) by extensions ['ignore', 'ignore_ament_install']
[0.154s] Level 1:colcon.colcon_core.package_identification:_identify(install) by extension 'ignore'
[0.154s] Level 1:colcon.colcon_core.package_identification:_identify(install) ignored
[0.154s] Level 1:colcon.colcon_core.package_identification:_identify(log) by extensions ['ignore', 'ignore_ament_install']
[0.154s] Level 1:colcon.colcon_core.package_identification:_identify(log) by extension 'ignore'
[0.154s] Level 1:colcon.colcon_core.package_identification:_identify(log) ignored
[0.154s] Level 1:colcon.colcon_core.package_identification:_identify(src) by extensions ['ignore', 'ignore_ament_install']
[0.154s] Level 1:colcon.colcon_core.package_identification:_identify(src) by extension 'ignore'
[0.154s] Level 1:colcon.colcon_core.package_identification:_identify(src) by extension 'ignore_ament_install'
[0.154s] Level 1:colcon.colcon_core.package_identification:_identify(src) by extensions ['colcon_pkg']
[0.154s] Level 1:colcon.colcon_core.package_identification:_identify(src) by extension 'colcon_pkg'
[0.154s] Level 1:colcon.colcon_core.package_identification:_identify(src) by extensions ['colcon_meta']
[0.154s] Level 1:colcon.colcon_core.package_identification:_identify(src) by extension 'colcon_meta'
[0.154s] Level 1:colcon.colcon_core.package_identification:_identify(src) by extensions ['ros']
[0.154s] Level 1:colcon.colcon_core.package_identification:_identify(src) by extension 'ros'
[0.154s] Level 1:colcon.colcon_core.package_identification:_identify(src) by extensions ['cmake', 'python']
[0.154s] Level 1:colcon.colcon_core.package_identification:_identify(src) by extension 'cmake'
[0.154s] Level 1:colcon.colcon_core.package_identification:_identify(src) by extension 'python'
[0.154s] Level 1:colcon.colcon_core.package_identification:_identify(src) by extensions ['python_setup_py']
[0.154s] Level 1:colcon.colcon_core.package_identification:_identify(src) by extension 'python_setup_py'
[0.154s] Level 1:colcon.colcon_core.package_identification:_identify(src/Universal_Robots_ROS2_Description) by extensions ['ignore', 'ignore_ament_install']
[0.155s] Level 1:colcon.colcon_core.package_identification:_identify(src/Universal_Robots_ROS2_Description) by extension 'ignore'
[0.155s] Level 1:colcon.colcon_core.package_identification:_identify(src/Universal_Robots_ROS2_Description) by extension 'ignore_ament_install'
[0.155s] Level 1:colcon.colcon_core.package_identification:_identify(src/Universal_Robots_ROS2_Description) by extensions ['colcon_pkg']
[0.155s] Level 1:colcon.colcon_core.package_identification:_identify(src/Universal_Robots_ROS2_Description) by extension 'colcon_pkg'
[0.155s] Level 1:colcon.colcon_core.package_identification:_identify(src/Universal_Robots_ROS2_Description) by extensions ['colcon_meta']
[0.155s] Level 1:colcon.colcon_core.package_identification:_identify(src/Universal_Robots_ROS2_Description) by extension 'colcon_meta'
[0.155s] Level 1:colcon.colcon_core.package_identification:_identify(src/Universal_Robots_ROS2_Description) by extensions ['ros']
[0.155s] Level 1:colcon.colcon_core.package_identification:_identify(src/Universal_Robots_ROS2_Description) by extension 'ros'
[0.157s] DEBUG:colcon.colcon_core.package_identification:Package 'src/Universal_Robots_ROS2_Description' with type 'ros.ament_cmake' and name 'ur_description'
[0.157s] Level 1:colcon.colcon_core.package_identification:_identify(src/Universal_Robots_ROS2_Gazebo_Simulation) by extensions ['ignore', 'ignore_ament_install']
[0.157s] Level 1:colcon.colcon_core.package_identification:_identify(src/Universal_Robots_ROS2_Gazebo_Simulation) by extension 'ignore'
[0.157s] Level 1:colcon.colcon_core.package_identification:_identify(src/Universal_Robots_ROS2_Gazebo_Simulation) by extension 'ignore_ament_install'
[0.157s] Level 1:colcon.colcon_core.package_identification:_identify(src/Universal_Robots_ROS2_Gazebo_Simulation) by extensions ['colcon_pkg']
[0.157s] Level 1:colcon.colcon_core.package_identification:_identify(src/Universal_Robots_ROS2_Gazebo_Simulation) by extension 'colcon_pkg'
[0.157s] Level 1:colcon.colcon_core.package_identification:_identify(src/Universal_Robots_ROS2_Gazebo_Simulation) by extensions ['colcon_meta']
[0.157s] Level 1:colcon.colcon_core.package_identification:_identify(src/Universal_Robots_ROS2_Gazebo_Simulation) by extension 'colcon_meta'
[0.157s] Level 1:colcon.colcon_core.package_identification:_identify(src/Universal_Robots_ROS2_Gazebo_Simulation) by extensions ['ros']
[0.157s] Level 1:colcon.colcon_core.package_identification:_identify(src/Universal_Robots_ROS2_Gazebo_Simulation) by extension 'ros'
[0.157s] Level 1:colcon.colcon_core.package_identification:_identify(src/Universal_Robots_ROS2_Gazebo_Simulation) by extensions ['cmake', 'python']
[0.157s] Level 1:colcon.colcon_core.package_identification:_identify(src/Universal_Robots_ROS2_Gazebo_Simulation) by extension 'cmake'
[0.157s] Level 1:colcon.colcon_core.package_identification:_identify(src/Universal_Robots_ROS2_Gazebo_Simulation) by extension 'python'
[0.157s] Level 1:colcon.colcon_core.package_identification:_identify(src/Universal_Robots_ROS2_Gazebo_Simulation) by extensions ['python_setup_py']
[0.157s] Level 1:colcon.colcon_core.package_identification:_identify(src/Universal_Robots_ROS2_Gazebo_Simulation) by extension 'python_setup_py'
[0.157s] Level 1:colcon.colcon_core.package_identification:_identify(src/Universal_Robots_ROS2_Gazebo_Simulation/ur_simulation_gazebo) by extensions ['ignore', 'ignore_ament_install']
[0.157s] Level 1:colcon.colcon_core.package_identification:_identify(src/Universal_Robots_ROS2_Gazebo_Simulation/ur_simulation_gazebo) by extension 'ignore'
[0.158s] Level 1:colcon.colcon_core.package_identification:_identify(src/Universal_Robots_ROS2_Gazebo_Simulation/ur_simulation_gazebo) by extension 'ignore_ament_install'
[0.158s] Level 1:colcon.colcon_core.package_identification:_identify(src/Universal_Robots_ROS2_Gazebo_Simulation/ur_simulation_gazebo) by extensions ['colcon_pkg']
[0.158s] Level 1:colcon.colcon_core.package_identification:_identify(src/Universal_Robots_ROS2_Gazebo_Simulation/ur_simulation_gazebo) by extension 'colcon_pkg'
[0.158s] Level 1:colcon.colcon_core.package_identification:_identify(src/Universal_Robots_ROS2_Gazebo_Simulation/ur_simulation_gazebo) by extensions ['colcon_meta']
[0.158s] Level 1:colcon.colcon_core.package_identification:_identify(src/Universal_Robots_ROS2_Gazebo_Simulation/ur_simulation_gazebo) by extension 'colcon_meta'
[0.158s] Level 1:colcon.colcon_core.package_identification:_identify(src/Universal_Robots_ROS2_Gazebo_Simulation/ur_simulation_gazebo) by extensions ['ros']
[0.158s] Level 1:colcon.colcon_core.package_identification:_identify(src/Universal_Robots_ROS2_Gazebo_Simulation/ur_simulation_gazebo) by extension 'ros'
[0.158s] DEBUG:colcon.colcon_core.package_identification:Package 'src/Universal_Robots_ROS2_Gazebo_Simulation/ur_simulation_gazebo' with type 'ros.ament_cmake' and name 'ur_simulation_gazebo'
[0.158s] Level 1:colcon.colcon_core.package_identification:_identify(src/build) by extensions ['ignore', 'ignore_ament_install']
[0.158s] Level 1:colcon.colcon_core.package_identification:_identify(src/build) by extension 'ignore'
[0.158s] Level 1:colcon.colcon_core.package_identification:_identify(src/build) ignored
[0.158s] Level 1:colcon.colcon_core.package_identification:_identify(src/install) by extensions ['ignore', 'ignore_ament_install']
[0.158s] Level 1:colcon.colcon_core.package_identification:_identify(src/install) by extension 'ignore'
[0.158s] Level 1:colcon.colcon_core.package_identification:_identify(src/install) ignored
[0.158s] Level 1:colcon.colcon_core.package_identification:_identify(src/log) by extensions ['ignore', 'ignore_ament_install']
[0.158s] Level 1:colcon.colcon_core.package_identification:_identify(src/log) by extension 'ignore'
[0.159s] Level 1:colcon.colcon_core.package_identification:_identify(src/log) ignored
[0.159s] Level 1:colcon.colcon_core.package_identification:_identify(src/ur5_keyboard_teleop) by extensions ['ignore', 'ignore_ament_install']
[0.159s] Level 1:colcon.colcon_core.package_identification:_identify(src/ur5_keyboard_teleop) by extension 'ignore'
[0.159s] Level 1:colcon.colcon_core.package_identification:_identify(src/ur5_keyboard_teleop) by extension 'ignore_ament_install'
[0.159s] Level 1:colcon.colcon_core.package_identification:_identify(src/ur5_keyboard_teleop) by extensions ['colcon_pkg']
[0.159s] Level 1:colcon.colcon_core.package_identification:_identify(src/ur5_keyboard_teleop) by extension 'colcon_pkg'
[0.159s] Level 1:colcon.colcon_core.package_identification:_identify(src/ur5_keyboard_teleop) by extensions ['colcon_meta']
[0.159s] Level 1:colcon.colcon_core.package_identification:_identify(src/ur5_keyboard_teleop) by extension 'colcon_meta'
[0.159s] Level 1:colcon.colcon_core.package_identification:_identify(src/ur5_keyboard_teleop) by extensions ['ros']
[0.159s] Level 1:colcon.colcon_core.package_identification:_identify(src/ur5_keyboard_teleop) by extension 'ros'
[0.159s] DEBUG:colcon.colcon_core.package_identification:Package 'src/ur5_keyboard_teleop' with type 'ros.ament_python' and name 'ur5_keyboard_teleop'
[0.159s] Level 1:colcon.colcon_core.package_discovery:discover_packages(recursive) using defaults
[0.159s] Level 1:colcon.colcon_core.package_discovery:discover_packages(ignore) discover
[0.159s] Level 1:colcon.colcon_core.package_discovery:discover_packages(ignore) using defaults
[0.159s] Level 1:colcon.colcon_core.package_discovery:discover_packages(path) discover
[0.159s] Level 1:colcon.colcon_core.package_discovery:discover_packages(path) using defaults
[0.172s] Level 1:colcon.colcon_core.package_discovery:discover_packages(prefix_path) check parameters
[0.172s] Level 1:colcon.colcon_core.package_discovery:discover_packages(prefix_path) discover
[0.172s] Level 1:colcon.colcon_core.package_discovery:discover_packages(prefix_path) using defaults
[0.173s] Level 5:colcon.colcon_core.verb:set package 'ur5_keyboard_teleop' build argument 'cmake_args' from command line to 'None'
[0.173s] Level 5:colcon.colcon_core.verb:set package 'ur5_keyboard_teleop' build argument 'cmake_target' from command line to 'None'
[0.173s] Level 5:colcon.colcon_core.verb:set package 'ur5_keyboard_teleop' build argument 'cmake_target_skip_unavailable' from command line to 'False'
[0.173s] Level 5:colcon.colcon_core.verb:set package 'ur5_keyboard_teleop' build argument 'cmake_clean_cache' from command line to 'False'
[0.173s] Level 5:colcon.colcon_core.verb:set package 'ur5_keyboard_teleop' build argument 'cmake_clean_first' from command line to 'False'
[0.173s] Level 5:colcon.colcon_core.verb:set package 'ur5_keyboard_teleop' build argument 'cmake_force_configure' from command line to 'False'
[0.173s] Level 5:colcon.colcon_core.verb:set package 'ur5_keyboard_teleop' build argument 'ament_cmake_args' from command line to 'None'
[0.173s] Level 5:colcon.colcon_core.verb:set package 'ur5_keyboard_teleop' build argument 'catkin_cmake_args' from command line to 'None'
[0.173s] Level 5:colcon.colcon_core.verb:set package 'ur5_keyboard_teleop' build argument 'catkin_skip_building_tests' from command line to 'False'
[0.173s] DEBUG:colcon.colcon_core.verb:Building package 'ur5_keyboard_teleop' with the following arguments: {'ament_cmake_args': None, 'build_base': '/home/matei/ur_yt_ws/build/ur5_keyboard_teleop', 'catkin_cmake_args': None, 'catkin_skip_building_tests': False, 'cmake_args': None, 'cmake_clean_cache': False, 'cmake_clean_first': False, 'cmake_force_configure': False, 'cmake_target': None, 'cmake_target_skip_unavailable': False, 'install_base': '/home/matei/ur_yt_ws/install/ur5_keyboard_teleop', 'merge_install': False, 'path': '/home/matei/ur_yt_ws/src/ur5_keyboard_teleop', 'symlink_install': True, 'test_result_base': None}
[0.173s] Level 5:colcon.colcon_core.verb:set package 'ur_description' build argument 'cmake_args' from command line to 'None'
[0.173s] Level 5:colcon.colcon_core.verb:set package 'ur_description' build argument 'cmake_target' from command line to 'None'
[0.173s] Level 5:colcon.colcon_core.verb:set package 'ur_description' build argument 'cmake_target_skip_unavailable' from command line to 'False'
[0.173s] Level 5:colcon.colcon_core.verb:set package 'ur_description' build argument 'cmake_clean_cache' from command line to 'False'
[0.173s] Level 5:colcon.colcon_core.verb:set package 'ur_description' build argument 'cmake_clean_first' from command line to 'False'
[0.173s] Level 5:colcon.colcon_core.verb:set package 'ur_description' build argument 'cmake_force_configure' from command line to 'False'
[0.173s] Level 5:colcon.colcon_core.verb:set package 'ur_description' build argument 'ament_cmake_args' from command line to 'None'
[0.173s] Level 5:colcon.colcon_core.verb:set package 'ur_description' build argument 'catkin_cmake_args' from command line to 'None'
[0.173s] Level 5:colcon.colcon_core.verb:set package 'ur_description' build argument 'catkin_skip_building_tests' from command line to 'False'
[0.173s] DEBUG:colcon.colcon_core.verb:Building package 'ur_description' with the following arguments: {'ament_cmake_args': None, 'build_base': '/home/matei/ur_yt_ws/build/ur_description', 'catkin_cmake_args': None, 'catkin_skip_building_tests': False, 'cmake_args': None, 'cmake_clean_cache': False, 'cmake_clean_first': False, 'cmake_force_configure': False, 'cmake_target': None, 'cmake_target_skip_unavailable': False, 'install_base': '/home/matei/ur_yt_ws/install/ur_description', 'merge_install': False, 'path': '/home/matei/ur_yt_ws/src/Universal_Robots_ROS2_Description', 'symlink_install': True, 'test_result_base': None}
[0.173s] Level 5:colcon.colcon_core.verb:set package 'ur_simulation_gazebo' build argument 'cmake_args' from command line to 'None'
[0.173s] Level 5:colcon.colcon_core.verb:set package 'ur_simulation_gazebo' build argument 'cmake_target' from command line to 'None'
[0.173s] Level 5:colcon.colcon_core.verb:set package 'ur_simulation_gazebo' build argument 'cmake_target_skip_unavailable' from command line to 'False'
[0.173s] Level 5:colcon.colcon_core.verb:set package 'ur_simulation_gazebo' build argument 'cmake_clean_cache' from command line to 'False'
[0.174s] Level 5:colcon.colcon_core.verb:set package 'ur_simulation_gazebo' build argument 'cmake_clean_first' from command line to 'False'
[0.174s] Level 5:colcon.colcon_core.verb:set package 'ur_simulation_gazebo' build argument 'cmake_force_configure' from command line to 'False'
[0.174s] Level 5:colcon.colcon_core.verb:set package 'ur_simulation_gazebo' build argument 'ament_cmake_args' from command line to 'None'
[0.174s] Level 5:colcon.colcon_core.verb:set package 'ur_simulation_gazebo' build argument 'catkin_cmake_args' from command line to 'None'
[0.174s] Level 5:colcon.colcon_core.verb:set package 'ur_simulation_gazebo' build argument 'catkin_skip_building_tests' from command line to 'False'
[0.174s] DEBUG:colcon.colcon_core.verb:Building package 'ur_simulation_gazebo' with the following arguments: {'ament_cmake_args': None, 'build_base': '/home/matei/ur_yt_ws/build/ur_simulation_gazebo', 'catkin_cmake_args': None, 'catkin_skip_building_tests': False, 'cmake_args': None, 'cmake_clean_cache': False, 'cmake_clean_first': False, 'cmake_force_configure': False, 'cmake_target': None, 'cmake_target_skip_unavailable': False, 'install_base': '/home/matei/ur_yt_ws/install/ur_simulation_gazebo', 'merge_install': False, 'path': '/home/matei/ur_yt_ws/src/Universal_Robots_ROS2_Gazebo_Simulation/ur_simulation_gazebo', 'symlink_install': True, 'test_result_base': None}
[0.174s] INFO:colcon.colcon_core.executor:Executing jobs using 'parallel' executor
[0.174s] DEBUG:colcon.colcon_parallel_executor.executor.parallel:run_until_complete
[0.174s] INFO:colcon.colcon_ros.task.ament_cmake.build:Building ROS package in '/home/matei/ur_yt_ws/src/Universal_Robots_ROS2_Description' with build type 'ament_cmake'
[0.174s] INFO:colcon.colcon_cmake.task.cmake.build:Building CMake package in '/home/matei/ur_yt_ws/src/Universal_Robots_ROS2_Description'
[0.176s] INFO:colcon.colcon_core.plugin_system:Skipping extension 'colcon_core.shell.bat': Not used on non-Windows systems
[0.176s] INFO:colcon.colcon_core.shell:Skip shell extension 'powershell' for command environment: Not usable outside of PowerShell
[0.176s] DEBUG:colcon.colcon_core.shell:Skip shell extension 'dsv' for command environment
[0.177s] INFO:colcon.colcon_ros.task.ament_python.build:Building ROS package in '/home/matei/ur_yt_ws/src/ur5_keyboard_teleop' with build type 'ament_python'
[0.177s] Level 1:colcon.colcon_core.shell:create_environment_hook('ur5_keyboard_teleop', 'ament_prefix_path')
[0.177s] INFO:colcon.colcon_core.shell:Creating environment hook '/home/matei/ur_yt_ws/install/ur5_keyboard_teleop/share/ur5_keyboard_teleop/hook/ament_prefix_path.ps1'
[0.177s] INFO:colcon.colcon_core.shell:Creating environment descriptor '/home/matei/ur_yt_ws/install/ur5_keyboard_teleop/share/ur5_keyboard_teleop/hook/ament_prefix_path.dsv'
[0.178s] INFO:colcon.colcon_core.shell:Creating environment hook '/home/matei/ur_yt_ws/install/ur5_keyboard_teleop/share/ur5_keyboard_teleop/hook/ament_prefix_path.sh'
[0.178s] INFO:colcon.colcon_core.shell:Skip shell extension 'powershell' for command environment: Not usable outside of PowerShell
[0.178s] DEBUG:colcon.colcon_core.shell:Skip shell extension 'dsv' for command environment
[0.181s] DEBUG:colcon.colcon_core.event_handler.log_command:Invoking command in '/home/matei/ur_yt_ws/build/ur_description': /usr/bin/cmake --build /home/matei/ur_yt_ws/build/ur_description -- -j12 -l12
[0.310s] INFO:colcon.colcon_core.task.python.build:Building Python package in '/home/matei/ur_yt_ws/src/ur5_keyboard_teleop'
[0.310s] INFO:colcon.colcon_core.shell:Skip shell extension 'powershell' for command environment: Not usable outside of PowerShell
[0.310s] DEBUG:colcon.colcon_core.shell:Skip shell extension 'dsv' for command environment
[0.312s] DEBUG:colcon.colcon_core.event_handler.log_command:Invoked command in '/home/matei/ur_yt_ws/build/ur_description' returned '0': /usr/bin/cmake --build /home/matei/ur_yt_ws/build/ur_description -- -j12 -l12
[0.321s] DEBUG:colcon.colcon_core.event_handler.log_command:Invoking command in '/home/matei/ur_yt_ws/build/ur_description': /usr/bin/cmake --install /home/matei/ur_yt_ws/build/ur_description
[0.352s] Level 1:colcon.colcon_core.environment:create_environment_scripts_only(ur_description)
[0.352s] DEBUG:colcon.colcon_core.event_handler.log_command:Invoked command in '/home/matei/ur_yt_ws/build/ur_description' returned '0': /usr/bin/cmake --install /home/matei/ur_yt_ws/build/ur_description
[0.353s] Level 1:colcon.colcon_core.environment:checking '/home/matei/ur_yt_ws/install/ur_description' for CMake module files
[0.353s] Level 1:colcon.colcon_core.environment:checking '/home/matei/ur_yt_ws/install/ur_description' for CMake config files
[0.355s] Level 1:colcon.colcon_core.shell:create_environment_hook('ur_description', 'cmake_prefix_path')
[0.355s] INFO:colcon.colcon_core.shell:Creating environment hook '/home/matei/ur_yt_ws/install/ur_description/share/ur_description/hook/cmake_prefix_path.ps1'
[0.355s] INFO:colcon.colcon_core.shell:Creating environment descriptor '/home/matei/ur_yt_ws/install/ur_description/share/ur_description/hook/cmake_prefix_path.dsv'
[0.356s] INFO:colcon.colcon_core.shell:Creating environment hook '/home/matei/ur_yt_ws/install/ur_description/share/ur_description/hook/cmake_prefix_path.sh'
[0.356s] Level 1:colcon.colcon_core.environment:checking '/home/matei/ur_yt_ws/install/ur_description/bin'
[0.356s] Level 1:colcon.colcon_core.environment:checking '/home/matei/ur_yt_ws/install/ur_description/lib/pkgconfig/ur_description.pc'
[0.356s] Level 1:colcon.colcon_core.environment:checking '/home/matei/ur_yt_ws/install/ur_description/lib/python3.10/site-packages'
[0.356s] Level 1:colcon.colcon_core.environment:checking '/home/matei/ur_yt_ws/install/ur_description/bin'
[0.357s] INFO:colcon.colcon_core.shell:Creating package script '/home/matei/ur_yt_ws/install/ur_description/share/ur_description/package.ps1'
[0.357s] INFO:colcon.colcon_core.shell:Creating package descriptor '/home/matei/ur_yt_ws/install/ur_description/share/ur_description/package.dsv'
[0.357s] INFO:colcon.colcon_core.shell:Creating package script '/home/matei/ur_yt_ws/install/ur_description/share/ur_description/package.sh'
[0.358s] INFO:colcon.colcon_core.shell:Creating package script '/home/matei/ur_yt_ws/install/ur_description/share/ur_description/package.bash'
[0.358s] INFO:colcon.colcon_core.shell:Creating package script '/home/matei/ur_yt_ws/install/ur_description/share/ur_description/package.zsh'
[0.359s] Level 1:colcon.colcon_core.environment:create_file_with_runtime_dependencies(/home/matei/ur_yt_ws/install/ur_description/share/colcon-core/packages/ur_description)
[0.359s] Level 1:colcon.colcon_core.environment:create_environment_scripts_only(ur_description)
[0.359s] Level 1:colcon.colcon_core.environment:checking '/home/matei/ur_yt_ws/install/ur_description' for CMake module files
[0.360s] Level 1:colcon.colcon_core.environment:checking '/home/matei/ur_yt_ws/install/ur_description' for CMake config files
[0.361s] Level 1:colcon.colcon_core.shell:create_environment_hook('ur_description', 'cmake_prefix_path')
[0.361s] INFO:colcon.colcon_core.shell:Creating environment hook '/home/matei/ur_yt_ws/install/ur_description/share/ur_description/hook/cmake_prefix_path.ps1'
[0.361s] INFO:colcon.colcon_core.shell:Creating environment descriptor '/home/matei/ur_yt_ws/install/ur_description/share/ur_description/hook/cmake_prefix_path.dsv'
[0.362s] INFO:colcon.colcon_core.shell:Creating environment hook '/home/matei/ur_yt_ws/install/ur_description/share/ur_description/hook/cmake_prefix_path.sh'
[0.362s] Level 1:colcon.colcon_core.environment:checking '/home/matei/ur_yt_ws/install/ur_description/bin'
[0.362s] Level 1:colcon.colcon_core.environment:checking '/home/matei/ur_yt_ws/install/ur_description/lib/pkgconfig/ur_description.pc'
[0.362s] Level 1:colcon.colcon_core.environment:checking '/home/matei/ur_yt_ws/install/ur_description/lib/python3.10/site-packages'
[0.362s] Level 1:colcon.colcon_core.environment:checking '/home/matei/ur_yt_ws/install/ur_description/bin'
[0.363s] INFO:colcon.colcon_core.shell:Creating package script '/home/matei/ur_yt_ws/install/ur_description/share/ur_description/package.ps1'
[0.363s] INFO:colcon.colcon_core.shell:Creating package descriptor '/home/matei/ur_yt_ws/install/ur_description/share/ur_description/package.dsv'
[0.363s] INFO:colcon.colcon_core.shell:Creating package script '/home/matei/ur_yt_ws/install/ur_description/share/ur_description/package.sh'
[0.363s] INFO:colcon.colcon_core.shell:Creating package script '/home/matei/ur_yt_ws/install/ur_description/share/ur_description/package.bash'
[0.364s] INFO:colcon.colcon_core.shell:Creating package script '/home/matei/ur_yt_ws/install/ur_description/share/ur_description/package.zsh'
[0.364s] Level 1:colcon.colcon_core.environment:create_file_with_runtime_dependencies(/home/matei/ur_yt_ws/install/ur_description/share/colcon-core/packages/ur_description)
[0.364s] INFO:colcon.colcon_ros.task.ament_cmake.build:Building ROS package in '/home/matei/ur_yt_ws/src/Universal_Robots_ROS2_Gazebo_Simulation/ur_simulation_gazebo' with build type 'ament_cmake'
[0.364s] INFO:colcon.colcon_cmake.task.cmake.build:Building CMake package in '/home/matei/ur_yt_ws/src/Universal_Robots_ROS2_Gazebo_Simulation/ur_simulation_gazebo'
[0.364s] INFO:colcon.colcon_core.shell:Skip shell extension 'powershell' for command environment: Not usable outside of PowerShell
[0.364s] DEBUG:colcon.colcon_core.shell:Skip shell extension 'dsv' for command environment
[0.368s] DEBUG:colcon.colcon_core.event_handler.log_command:Invoking command in '/home/matei/ur_yt_ws/build/ur_simulation_gazebo': AMENT_PREFIX_PATH=/home/matei/ur_yt_ws/install/ur_description CMAKE_PREFIX_PATH=/home/matei/ur_yt_ws/install/ur_description /usr/bin/cmake --build /home/matei/ur_yt_ws/build/ur_simulation_gazebo -- -j12 -l12
[0.393s] DEBUG:colcon.colcon_core.event_handler.log_command:Invoked command in '/home/matei/ur_yt_ws/build/ur_simulation_gazebo' returned '0': AMENT_PREFIX_PATH=/home/matei/ur_yt_ws/install/ur_description CMAKE_PREFIX_PATH=/home/matei/ur_yt_ws/install/ur_description /usr/bin/cmake --build /home/matei/ur_yt_ws/build/ur_simulation_gazebo -- -j12 -l12
[0.394s] DEBUG:colcon.colcon_core.event_handler.log_command:Invoking command in '/home/matei/ur_yt_ws/build/ur_simulation_gazebo': AMENT_PREFIX_PATH=/home/matei/ur_yt_ws/install/ur_description CMAKE_PREFIX_PATH=/home/matei/ur_yt_ws/install/ur_description /usr/bin/cmake --install /home/matei/ur_yt_ws/build/ur_simulation_gazebo
[0.409s] Level 1:colcon.colcon_core.environment:create_environment_scripts_only(ur_simulation_gazebo)
[0.409s] Level 1:colcon.colcon_core.environment:checking '/home/matei/ur_yt_ws/install/ur_simulation_gazebo' for CMake module files
[0.410s] DEBUG:colcon.colcon_core.event_handler.log_command:Invoked command in '/home/matei/ur_yt_ws/build/ur_simulation_gazebo' returned '0': AMENT_PREFIX_PATH=/home/matei/ur_yt_ws/install/ur_description CMAKE_PREFIX_PATH=/home/matei/ur_yt_ws/install/ur_description /usr/bin/cmake --install /home/matei/ur_yt_ws/build/ur_simulation_gazebo
[0.410s] Level 1:colcon.colcon_core.environment:checking '/home/matei/ur_yt_ws/install/ur_simulation_gazebo' for CMake config files
[0.410s] Level 1:colcon.colcon_core.shell:create_environment_hook('ur_simulation_gazebo', 'cmake_prefix_path')
[0.411s] INFO:colcon.colcon_core.shell:Creating environment hook '/home/matei/ur_yt_ws/install/ur_simulation_gazebo/share/ur_simulation_gazebo/hook/cmake_prefix_path.ps1'
[0.411s] INFO:colcon.colcon_core.shell:Creating environment descriptor '/home/matei/ur_yt_ws/install/ur_simulation_gazebo/share/ur_simulation_gazebo/hook/cmake_prefix_path.dsv'
[0.411s] INFO:colcon.colcon_core.shell:Creating environment hook '/home/matei/ur_yt_ws/install/ur_simulation_gazebo/share/ur_simulation_gazebo/hook/cmake_prefix_path.sh'
[0.412s] Level 1:colcon.colcon_core.environment:checking '/home/matei/ur_yt_ws/install/ur_simulation_gazebo/bin'
[0.412s] Level 1:colcon.colcon_core.environment:checking '/home/matei/ur_yt_ws/install/ur_simulation_gazebo/lib/pkgconfig/ur_simulation_gazebo.pc'
[0.412s] Level 1:colcon.colcon_core.environment:checking '/home/matei/ur_yt_ws/install/ur_simulation_gazebo/lib/python3.10/site-packages'
[0.412s] Level 1:colcon.colcon_core.environment:checking '/home/matei/ur_yt_ws/install/ur_simulation_gazebo/bin'
[0.412s] INFO:colcon.colcon_core.shell:Creating package script '/home/matei/ur_yt_ws/install/ur_simulation_gazebo/share/ur_simulation_gazebo/package.ps1'
[0.413s] INFO:colcon.colcon_core.shell:Creating package descriptor '/home/matei/ur_yt_ws/install/ur_simulation_gazebo/share/ur_simulation_gazebo/package.dsv'
[0.413s] INFO:colcon.colcon_core.shell:Creating package script '/home/matei/ur_yt_ws/install/ur_simulation_gazebo/share/ur_simulation_gazebo/package.sh'
[0.413s] INFO:colcon.colcon_core.shell:Creating package script '/home/matei/ur_yt_ws/install/ur_simulation_gazebo/share/ur_simulation_gazebo/package.bash'
[0.414s] INFO:colcon.colcon_core.shell:Creating package script '/home/matei/ur_yt_ws/install/ur_simulation_gazebo/share/ur_simulation_gazebo/package.zsh'
[0.414s] Level 1:colcon.colcon_core.environment:create_file_with_runtime_dependencies(/home/matei/ur_yt_ws/install/ur_simulation_gazebo/share/colcon-core/packages/ur_simulation_gazebo)
[0.414s] Level 1:colcon.colcon_core.environment:create_environment_scripts_only(ur_simulation_gazebo)
[0.414s] Level 1:colcon.colcon_core.environment:checking '/home/matei/ur_yt_ws/install/ur_simulation_gazebo' for CMake module files
[0.415s] Level 1:colcon.colcon_core.environment:checking '/home/matei/ur_yt_ws/install/ur_simulation_gazebo' for CMake config files
[0.415s] Level 1:colcon.colcon_core.shell:create_environment_hook('ur_simulation_gazebo', 'cmake_prefix_path')
[0.415s] INFO:colcon.colcon_core.shell:Creating environment hook '/home/matei/ur_yt_ws/install/ur_simulation_gazebo/share/ur_simulation_gazebo/hook/cmake_prefix_path.ps1'
[0.415s] INFO:colcon.colcon_core.shell:Creating environment descriptor '/home/matei/ur_yt_ws/install/ur_simulation_gazebo/share/ur_simulation_gazebo/hook/cmake_prefix_path.dsv'
[0.416s] INFO:colcon.colcon_core.shell:Creating environment hook '/home/matei/ur_yt_ws/install/ur_simulation_gazebo/share/ur_simulation_gazebo/hook/cmake_prefix_path.sh'
[0.416s] Level 1:colcon.colcon_core.environment:checking '/home/matei/ur_yt_ws/install/ur_simulation_gazebo/bin'
[0.416s] Level 1:colcon.colcon_core.environment:checking '/home/matei/ur_yt_ws/install/ur_simulation_gazebo/lib/pkgconfig/ur_simulation_gazebo.pc'
[0.416s] Level 1:colcon.colcon_core.environment:checking '/home/matei/ur_yt_ws/install/ur_simulation_gazebo/lib/python3.10/site-packages'
[0.417s] Level 1:colcon.colcon_core.environment:checking '/home/matei/ur_yt_ws/install/ur_simulation_gazebo/bin'
[0.417s] INFO:colcon.colcon_core.shell:Creating package script '/home/matei/ur_yt_ws/install/ur_simulation_gazebo/share/ur_simulation_gazebo/package.ps1'
[0.417s] INFO:colcon.colcon_core.shell:Creating package descriptor '/home/matei/ur_yt_ws/install/ur_simulation_gazebo/share/ur_simulation_gazebo/package.dsv'
[0.418s] INFO:colcon.colcon_core.shell:Creating package script '/home/matei/ur_yt_ws/install/ur_simulation_gazebo/share/ur_simulation_gazebo/package.sh'
[0.418s] INFO:colcon.colcon_core.shell:Creating package script '/home/matei/ur_yt_ws/install/ur_simulation_gazebo/share/ur_simulation_gazebo/package.bash'
[0.418s] INFO:colcon.colcon_core.shell:Creating package script '/home/matei/ur_yt_ws/install/ur_simulation_gazebo/share/ur_simulation_gazebo/package.zsh'
[0.418s] Level 1:colcon.colcon_core.environment:create_file_with_runtime_dependencies(/home/matei/ur_yt_ws/install/ur_simulation_gazebo/share/colcon-core/packages/ur_simulation_gazebo)
[0.510s] DEBUG:colcon.colcon_core.event_handler.log_command:Invoking command in '/home/matei/ur_yt_ws/build/ur5_keyboard_teleop': PYTHONPATH=/home/matei/ur_yt_ws/build/ur5_keyboard_teleop/prefix_override:/usr/lib/python3/dist-packages/colcon_core/task/python/colcon_distutils_commands:/home/matei/ur_yt_ws/install/ur5_keyboard_teleop/lib/python3.10/site-packages: /usr/bin/python3 -W ignore:setup.py install is deprecated -W ignore:easy_install command is deprecated setup.py develop --editable --build-directory /home/matei/ur_yt_ws/build/ur5_keyboard_teleop/build --no-deps symlink_data
[0.722s] Level 1:colcon.colcon_core.shell:create_environment_hook('ur5_keyboard_teleop', 'pythonpath_develop')
[0.723s] DEBUG:colcon.colcon_core.event_handler.log_command:Invoked command in '/home/matei/ur_yt_ws/build/ur5_keyboard_teleop' returned '0': PYTHONPATH=/home/matei/ur_yt_ws/build/ur5_keyboard_teleop/prefix_override:/usr/lib/python3/dist-packages/colcon_core/task/python/colcon_distutils_commands:/home/matei/ur_yt_ws/install/ur5_keyboard_teleop/lib/python3.10/site-packages: /usr/bin/python3 -W ignore:setup.py install is deprecated -W ignore:easy_install command is deprecated setup.py develop --editable --build-directory /home/matei/ur_yt_ws/build/ur5_keyboard_teleop/build --no-deps symlink_data
[0.723s] INFO:colcon.colcon_core.shell:Creating environment hook '/home/matei/ur_yt_ws/build/ur5_keyboard_teleop/share/ur5_keyboard_teleop/hook/pythonpath_develop.ps1'
[0.723s] INFO:colcon.colcon_core.shell:Creating environment descriptor '/home/matei/ur_yt_ws/build/ur5_keyboard_teleop/share/ur5_keyboard_teleop/hook/pythonpath_develop.dsv'
[0.724s] INFO:colcon.colcon_core.shell:Creating environment hook '/home/matei/ur_yt_ws/build/ur5_keyboard_teleop/share/ur5_keyboard_teleop/hook/pythonpath_develop.sh'
[0.724s] Level 1:colcon.colcon_core.environment:checking '/home/matei/ur_yt_ws/install/ur5_keyboard_teleop' for CMake module files
[0.724s] Level 1:colcon.colcon_core.environment:checking '/home/matei/ur_yt_ws/install/ur5_keyboard_teleop' for CMake config files
[0.725s] Level 1:colcon.colcon_core.environment:checking '/home/matei/ur_yt_ws/install/ur5_keyboard_teleop/lib'
[0.725s] Level 1:colcon.colcon_core.environment:checking '/home/matei/ur_yt_ws/install/ur5_keyboard_teleop/bin'
[0.725s] Level 1:colcon.colcon_core.environment:checking '/home/matei/ur_yt_ws/install/ur5_keyboard_teleop/lib/pkgconfig/ur5_keyboard_teleop.pc'
[0.726s] Level 1:colcon.colcon_core.environment:checking '/home/matei/ur_yt_ws/install/ur5_keyboard_teleop/lib/python3.10/site-packages'
[0.726s] Level 1:colcon.colcon_core.shell:create_environment_hook('ur5_keyboard_teleop', 'pythonpath')
[0.726s] INFO:colcon.colcon_core.shell:Creating environment hook '/home/matei/ur_yt_ws/install/ur5_keyboard_teleop/share/ur5_keyboard_teleop/hook/pythonpath.ps1'
[0.726s] INFO:colcon.colcon_core.shell:Creating environment descriptor '/home/matei/ur_yt_ws/install/ur5_keyboard_teleop/share/ur5_keyboard_teleop/hook/pythonpath.dsv'
[0.727s] INFO:colcon.colcon_core.shell:Creating environment hook '/home/matei/ur_yt_ws/install/ur5_keyboard_teleop/share/ur5_keyboard_teleop/hook/pythonpath.sh'
[0.727s] Level 1:colcon.colcon_core.environment:checking '/home/matei/ur_yt_ws/install/ur5_keyboard_teleop/bin'
[0.727s] Level 1:colcon.colcon_core.environment:create_environment_scripts_only(ur5_keyboard_teleop)
[0.728s] INFO:colcon.colcon_core.shell:Creating package script '/home/matei/ur_yt_ws/install/ur5_keyboard_teleop/share/ur5_keyboard_teleop/package.ps1'
[0.728s] INFO:colcon.colcon_core.shell:Creating package descriptor '/home/matei/ur_yt_ws/install/ur5_keyboard_teleop/share/ur5_keyboard_teleop/package.dsv'
[0.729s] INFO:colcon.colcon_core.shell:Creating package script '/home/matei/ur_yt_ws/install/ur5_keyboard_teleop/share/ur5_keyboard_teleop/package.sh'
[0.730s] INFO:colcon.colcon_core.shell:Creating package script '/home/matei/ur_yt_ws/install/ur5_keyboard_teleop/share/ur5_keyboard_teleop/package.bash'
[0.730s] INFO:colcon.colcon_core.shell:Creating package script '/home/matei/ur_yt_ws/install/ur5_keyboard_teleop/share/ur5_keyboard_teleop/package.zsh'
[0.731s] Level 1:colcon.colcon_core.environment:create_file_with_runtime_dependencies(/home/matei/ur_yt_ws/install/ur5_keyboard_teleop/share/colcon-core/packages/ur5_keyboard_teleop)
[0.731s] DEBUG:colcon.colcon_parallel_executor.executor.parallel:closing loop
[0.731s] DEBUG:colcon.colcon_parallel_executor.executor.parallel:loop closed
[0.731s] DEBUG:colcon.colcon_parallel_executor.executor.parallel:run_until_complete finished with '0'
[0.731s] DEBUG:colcon.colcon_core.event_reactor:joining thread
[0.745s] INFO:colcon.colcon_core.plugin_system:Skipping extension 'colcon_notification.desktop_notification.terminal_notifier': Not used on non-Darwin systems
[0.745s] INFO:colcon.colcon_core.plugin_system:Skipping extension 'colcon_notification.desktop_notification.win32': Not used on non-Windows systems
[0.745s] INFO:colcon.colcon_notification.desktop_notification:Sending desktop notification using 'notify2'
[0.754s] DEBUG:colcon.colcon_core.event_reactor:joined thread
[0.755s] INFO:colcon.colcon_core.shell:Creating prefix script '/home/matei/ur_yt_ws/install/local_setup.ps1'
[0.755s] INFO:colcon.colcon_core.shell:Creating prefix util module '/home/matei/ur_yt_ws/install/_local_setup_util_ps1.py'
[0.757s] INFO:colcon.colcon_core.shell:Creating prefix chain script '/home/matei/ur_yt_ws/install/setup.ps1'
[0.758s] INFO:colcon.colcon_core.shell:Creating prefix script '/home/matei/ur_yt_ws/install/local_setup.sh'
[0.758s] INFO:colcon.colcon_core.shell:Creating prefix util module '/home/matei/ur_yt_ws/install/_local_setup_util_sh.py'
[0.759s] INFO:colcon.colcon_core.shell:Creating prefix chain script '/home/matei/ur_yt_ws/install/setup.sh'
[0.759s] INFO:colcon.colcon_core.shell:Creating prefix script '/home/matei/ur_yt_ws/install/local_setup.bash'
[0.760s] INFO:colcon.colcon_core.shell:Creating prefix chain script '/home/matei/ur_yt_ws/install/setup.bash'
[0.760s] INFO:colcon.colcon_core.shell:Creating prefix script '/home/matei/ur_yt_ws/install/local_setup.zsh'
[0.760s] INFO:colcon.colcon_core.shell:Creating prefix chain script '/home/matei/ur_yt_ws/install/setup.zsh'
