[0.005s] Invoking command in '/home/matei/ur_yt_ws/src/Universal_Robots_ROS2_Description/build/ur_description': /usr/bin/cmake /home/matei/ur_yt_ws/src/Universal_Robots_ROS2_Description -DCMAKE_INSTALL_PREFIX=/home/matei/ur_yt_ws/src/Universal_Robots_ROS2_Description/install/ur_description
[0.048s] -- The C compiler identification is GNU 11.4.0
[0.092s] -- The CXX compiler identification is GNU 11.4.0
[0.100s] -- Detecting C compiler ABI info
[0.154s] -- Detecting C compiler ABI info - done
[0.159s] -- Check for working C compiler: /usr/bin/cc - skipped
[0.159s] -- Detecting C compile features
[0.159s] -- Detecting C compile features - done
[0.161s] -- Detecting CXX compiler ABI info
[0.227s] -- Detecting CXX compiler ABI info - done
[0.232s] -- Check for working CXX compiler: /usr/bin/c++ - skipped
[0.232s] -- Detecting CXX compile features
[0.232s] -- Detecting CXX compile features - done
[0.241s] [31mCMake Error at CMakeLists.txt:4 (find_package):
[0.241s]   By not providing "Findament_cmake.cmake" in CMAKE_MODULE_PATH this project
[0.241s]   has asked CMake to find a package configuration file provided by
[0.241s]   "ament_cmake", but CMake did not find one.
[0.241s] 
[0.241s]   Could not find a package configuration file provided by "ament_cmake" with
[0.241s]   any of the following names:
[0.241s] 
[0.241s]     ament_cmakeConfig.cmake
[0.242s]     ament_cmake-config.cmake
[0.242s] 
[0.242s]   Add the installation prefix of "ament_cmake" to CMAKE_PREFIX_PATH or set
[0.242s]   "ament_cmake_DIR" to a directory containing one of the above files.  If
[0.242s]   "ament_cmake" provides a separate development package or SDK, be sure it
[0.242s]   has been installed.
[0.242s] 
[0.242s] [0m
[0.242s] -- Configuring incomplete, errors occurred!
[0.242s] See also "/home/matei/ur_yt_ws/src/Universal_Robots_ROS2_Description/build/ur_description/CMakeFiles/CMakeOutput.log".
[0.244s] Invoked command in '/home/matei/ur_yt_ws/src/Universal_Robots_ROS2_Description/build/ur_description' returned '1': /usr/bin/cmake /home/matei/ur_yt_ws/src/Universal_Robots_ROS2_Description -DCMAKE_INSTALL_PREFIX=/home/matei/ur_yt_ws/src/Universal_Robots_ROS2_Description/install/ur_description
