[0.427s] Invoking command in '/home/matei/ur_yt_ws/build/ur5_keyboard_teleop': PYTHONPATH=/home/matei/ur_yt_ws/build/ur5_keyboard_teleop/prefix_override:/usr/lib/python3/dist-packages/colcon_core/task/python/colcon_distutils_commands:/home/matei/ur_yt_ws/install/ur5_keyboard_teleop/lib/python3.10/site-packages:${PYTHONPATH} /usr/bin/python3 -W ignore:setup.py install is deprecated -W ignore:easy_install command is deprecated setup.py develop --editable --build-directory /home/matei/ur_yt_ws/build/ur5_keyboard_teleop/build --no-deps symlink_data
[0.598s] running develop
[0.710s] running egg_info
[0.710s] creating ur5_keyboard_teleop.egg-info
[0.710s] writing ur5_keyboard_teleop.egg-info/PKG-INFO
[0.710s] writing dependency_links to ur5_keyboard_teleop.egg-info/dependency_links.txt
[0.710s] writing entry points to ur5_keyboard_teleop.egg-info/entry_points.txt
[0.710s] writing requirements to ur5_keyboard_teleop.egg-info/requires.txt
[0.711s] writing top-level names to ur5_keyboard_teleop.egg-info/top_level.txt
[0.711s] writing manifest file 'ur5_keyboard_teleop.egg-info/SOURCES.txt'
[0.712s] reading manifest file 'ur5_keyboard_teleop.egg-info/SOURCES.txt'
[0.713s] writing manifest file 'ur5_keyboard_teleop.egg-info/SOURCES.txt'
[0.714s] running build_ext
[0.714s] Creating /home/matei/ur_yt_ws/install/ur5_keyboard_teleop/lib/python3.10/site-packages/ur5-keyboard-teleop.egg-link (link to .)
[0.714s] Installing keyboard_teleop script to /home/matei/ur_yt_ws/install/ur5_keyboard_teleop/lib/ur5_keyboard_teleop
[0.714s] 
[0.714s] Installed /home/matei/ur_yt_ws/build/ur5_keyboard_teleop
[0.715s] running symlink_data
[0.715s] creating /home/matei/ur_yt_ws/install/ur5_keyboard_teleop/share/ament_index
[0.715s] creating /home/matei/ur_yt_ws/install/ur5_keyboard_teleop/share/ament_index/resource_index
[0.715s] creating /home/matei/ur_yt_ws/install/ur5_keyboard_teleop/share/ament_index/resource_index/packages
[0.715s] symbolically linking /home/matei/ur_yt_ws/build/ur5_keyboard_teleop/resource/ur5_keyboard_teleop -> /home/matei/ur_yt_ws/install/ur5_keyboard_teleop/share/ament_index/resource_index/packages
[0.715s] symbolically linking /home/matei/ur_yt_ws/build/ur5_keyboard_teleop/package.xml -> /home/matei/ur_yt_ws/install/ur5_keyboard_teleop/share/ur5_keyboard_teleop
[0.730s] Invoked command in '/home/matei/ur_yt_ws/build/ur5_keyboard_teleop' returned '0': PYTHONPATH=/home/matei/ur_yt_ws/build/ur5_keyboard_teleop/prefix_override:/usr/lib/python3/dist-packages/colcon_core/task/python/colcon_distutils_commands:/home/matei/ur_yt_ws/install/ur5_keyboard_teleop/lib/python3.10/site-packages:${PYTHONPATH} /usr/bin/python3 -W ignore:setup.py install is deprecated -W ignore:easy_install command is deprecated setup.py develop --editable --build-directory /home/matei/ur_yt_ws/build/ur5_keyboard_teleop/build --no-deps symlink_data
