[0.413s] Invoking command in '/home/matei/ur_yt_ws/src/ur5_keyboard_teleop': PYTHONPATH=/home/matei/ur_yt_ws/build/ur5_keyboard_teleop/prefix_override:/usr/lib/python3/dist-packages/colcon_core/task/python/colcon_distutils_commands:/home/matei/ur_yt_ws/install/ur5_keyboard_teleop/lib/python3.10/site-packages:${PYTHONPATH} /usr/bin/python3 -W ignore:setup.py install is deprecated -W ignore:easy_install command is deprecated setup.py egg_info --egg-base ../../build/ur5_keyboard_teleop build --build-base /home/matei/ur_yt_ws/build/ur5_keyboard_teleop/build install --record /home/matei/ur_yt_ws/build/ur5_keyboard_teleop/install.log --single-version-externally-managed install_data
[0.575s] running egg_info
[0.575s] writing ../../build/ur5_keyboard_teleop/ur5_keyboard_teleop.egg-info/PKG-INFO
[0.576s] writing dependency_links to ../../build/ur5_keyboard_teleop/ur5_keyboard_teleop.egg-info/dependency_links.txt
[0.576s] writing entry points to ../../build/ur5_keyboard_teleop/ur5_keyboard_teleop.egg-info/entry_points.txt
[0.576s] writing requirements to ../../build/ur5_keyboard_teleop/ur5_keyboard_teleop.egg-info/requires.txt
[0.576s] writing top-level names to ../../build/ur5_keyboard_teleop/ur5_keyboard_teleop.egg-info/top_level.txt
[0.578s] reading manifest file '../../build/ur5_keyboard_teleop/ur5_keyboard_teleop.egg-info/SOURCES.txt'
[0.578s] writing manifest file '../../build/ur5_keyboard_teleop/ur5_keyboard_teleop.egg-info/SOURCES.txt'
[0.579s] running build
[0.579s] running build_py
[0.579s] running install
[0.579s] running install_lib
[0.580s] running install_data
[0.580s] running install_egg_info
[0.581s] removing '/home/matei/ur_yt_ws/install/ur5_keyboard_teleop/lib/python3.10/site-packages/ur5_keyboard_teleop-0.0.0-py3.10.egg-info' (and everything under it)
[0.581s] Copying ../../build/ur5_keyboard_teleop/ur5_keyboard_teleop.egg-info to /home/matei/ur_yt_ws/install/ur5_keyboard_teleop/lib/python3.10/site-packages/ur5_keyboard_teleop-0.0.0-py3.10.egg-info
[0.582s] running install_scripts
[0.594s] Installing keyboard_teleop script to /home/matei/ur_yt_ws/install/ur5_keyboard_teleop/lib/ur5_keyboard_teleop
[0.594s] writing list of installed files to '/home/matei/ur_yt_ws/build/ur5_keyboard_teleop/install.log'
[0.606s] Invoked command in '/home/matei/ur_yt_ws/src/ur5_keyboard_teleop' returned '0': PYTHONPATH=/home/matei/ur_yt_ws/build/ur5_keyboard_teleop/prefix_override:/usr/lib/python3/dist-packages/colcon_core/task/python/colcon_distutils_commands:/home/matei/ur_yt_ws/install/ur5_keyboard_teleop/lib/python3.10/site-packages:${PYTHONPATH} /usr/bin/python3 -W ignore:setup.py install is deprecated -W ignore:easy_install command is deprecated setup.py egg_info --egg-base ../../build/ur5_keyboard_teleop build --build-base /home/matei/ur_yt_ws/build/ur5_keyboard_teleop/build install --record /home/matei/ur_yt_ws/build/ur5_keyboard_teleop/install.log --single-version-externally-managed install_data
