[0.007s] Invoking command in '/home/matei/ur_yt_ws/build/ur_simulation_gazebo': CMAKE_PREFIX_PATH=/home/matei/ur_yt_ws/install/ur_description:/home/matei/ur_yt_ws/install/ur_simulation_gazebo:/home/matei/ur_yt_ws/install/ur5_keyboard_teleop:/opt/ros/humble /usr/bin/cmake --build /home/matei/ur_yt_ws/build/ur_simulation_gazebo -- -j12 -l12
[0.036s] Invoked command in '/home/matei/ur_yt_ws/build/ur_simulation_gazebo' returned '0': CMAKE_PREFIX_PATH=/home/matei/ur_yt_ws/install/ur_description:/home/matei/ur_yt_ws/install/ur_simulation_gazebo:/home/matei/ur_yt_ws/install/ur5_keyboard_teleop:/opt/ros/humble /usr/bin/cmake --build /home/matei/ur_yt_ws/build/ur_simulation_gazebo -- -j12 -l12
[0.037s] Invoking command in '/home/matei/ur_yt_ws/build/ur_simulation_gazebo': CMAKE_PREFIX_PATH=/home/matei/ur_yt_ws/install/ur_description:/home/matei/ur_yt_ws/install/ur_simulation_gazebo:/home/matei/ur_yt_ws/install/ur5_keyboard_teleop:/opt/ros/humble /usr/bin/cmake --install /home/matei/ur_yt_ws/build/ur_simulation_gazebo
[0.041s] -- Install configuration: ""
[0.042s] -- Execute custom install script
[0.042s] -- Up-to-date symlink: /home/matei/ur_yt_ws/install/ur_simulation_gazebo/share/ur_simulation_gazebo/config/ur_controllers.yaml
[0.042s] -- Up-to-date symlink: /home/matei/ur_yt_ws/install/ur_simulation_gazebo/share/ur_simulation_gazebo/launch/ur_sim_control.launch.py
[0.042s] -- Up-to-date symlink: /home/matei/ur_yt_ws/install/ur_simulation_gazebo/share/ur_simulation_gazebo/launch/ur_sim_moveit.launch.py
[0.042s] -- Up-to-date symlink: /home/matei/ur_yt_ws/install/ur_simulation_gazebo/share/ament_index/resource_index/package_run_dependencies/ur_simulation_gazebo
[0.042s] -- Up-to-date symlink: /home/matei/ur_yt_ws/install/ur_simulation_gazebo/share/ament_index/resource_index/parent_prefix_path/ur_simulation_gazebo
[0.043s] -- Up-to-date symlink: /home/matei/ur_yt_ws/install/ur_simulation_gazebo/share/ur_simulation_gazebo/environment/ament_prefix_path.sh
[0.043s] -- Up-to-date symlink: /home/matei/ur_yt_ws/install/ur_simulation_gazebo/share/ur_simulation_gazebo/environment/ament_prefix_path.dsv
[0.043s] -- Up-to-date symlink: /home/matei/ur_yt_ws/install/ur_simulation_gazebo/share/ur_simulation_gazebo/environment/path.sh
[0.043s] -- Up-to-date symlink: /home/matei/ur_yt_ws/install/ur_simulation_gazebo/share/ur_simulation_gazebo/environment/path.dsv
[0.043s] -- Up-to-date symlink: /home/matei/ur_yt_ws/install/ur_simulation_gazebo/share/ur_simulation_gazebo/local_setup.bash
[0.043s] -- Up-to-date symlink: /home/matei/ur_yt_ws/install/ur_simulation_gazebo/share/ur_simulation_gazebo/local_setup.sh
[0.043s] -- Up-to-date symlink: /home/matei/ur_yt_ws/install/ur_simulation_gazebo/share/ur_simulation_gazebo/local_setup.zsh
[0.043s] -- Up-to-date symlink: /home/matei/ur_yt_ws/install/ur_simulation_gazebo/share/ur_simulation_gazebo/local_setup.dsv
[0.043s] -- Symlinking: /home/matei/ur_yt_ws/install/ur_simulation_gazebo/share/ur_simulation_gazebo/package.dsv
[0.051s] -- Up-to-date symlink: /home/matei/ur_yt_ws/install/ur_simulation_gazebo/share/ament_index/resource_index/packages/ur_simulation_gazebo
[0.051s] -- Up-to-date symlink: /home/matei/ur_yt_ws/install/ur_simulation_gazebo/share/ur_simulation_gazebo/cmake/ur_simulation_gazeboConfig.cmake
[0.051s] -- Up-to-date symlink: /home/matei/ur_yt_ws/install/ur_simulation_gazebo/share/ur_simulation_gazebo/cmake/ur_simulation_gazeboConfig-version.cmake
[0.052s] -- Up-to-date symlink: /home/matei/ur_yt_ws/install/ur_simulation_gazebo/share/ur_simulation_gazebo/package.xml
[0.053s] Invoked command in '/home/matei/ur_yt_ws/build/ur_simulation_gazebo' returned '0': CMAKE_PREFIX_PATH=/home/matei/ur_yt_ws/install/ur_description:/home/matei/ur_yt_ws/install/ur_simulation_gazebo:/home/matei/ur_yt_ws/install/ur5_keyboard_teleop:/opt/ros/humble /usr/bin/cmake --install /home/matei/ur_yt_ws/build/ur_simulation_gazebo
