[0.009s] Invoking command in '/home/matei/ur_yt_ws/build/ur_simulation_gazebo': AMENT_PREFIX_PATH=/home/matei/ur_yt_ws/install/ur_description:${AMENT_PREFIX_PATH} CMAKE_PREFIX_PATH=/home/matei/ur_yt_ws/install/ur_description:/opt/ros/humble /usr/bin/cmake /home/matei/ur_yt_ws/src/Universal_Robots_ROS2_Gazebo_Simulation/ur_simulation_gazebo -DCMAKE_INSTALL_PREFIX=/home/matei/ur_yt_ws/install/ur_simulation_gazebo
[0.066s] -- The C compiler identification is GNU 11.4.0
[0.114s] -- The CXX compiler identification is GNU 11.4.0
[0.120s] -- Detecting C compiler ABI info
[0.190s] -- Detecting C compiler ABI info - done
[0.195s] -- Check for working C compiler: /usr/bin/cc - skipped
[0.195s] -- Detecting C compile features
[0.195s] -- Detecting C compile features - done
[0.197s] -- Detecting CXX compiler ABI info
[0.269s] -- Detecting CXX compiler ABI info - done
[0.273s] -- Check for working CXX compiler: /usr/bin/c++ - skipped
[0.274s] -- Detecting CXX compile features
[0.274s] -- Detecting CXX compile features - done
[0.276s] -- Found ament_cmake: 1.3.12 (/opt/ros/humble/share/ament_cmake/cmake)
[0.382s] -- Found Python3: /usr/bin/python3 (found version "3.10.12") found components: Interpreter 
[0.442s] -- Found launch_testing_ament_cmake: 1.0.13 (/opt/ros/humble/share/launch_testing_ament_cmake/cmake)
[0.444s] -- Found python_cmake_module: 0.10.0 (/opt/ros/humble/share/python_cmake_module/cmake)
[0.463s] -- Found PythonInterp: /usr/bin/python3 (found suitable version "3.10.12", minimum required is "3.6") 
[0.471s] -- Found PythonLibs: /usr/lib/x86_64-linux-gnu/libpython3.10.so (found suitable version "3.10.12", minimum required is "3.5") 
[0.471s] -- Using PYTHON_EXECUTABLE: /usr/bin/python3
[0.471s] -- Using PYTHON_INCLUDE_DIRS: /usr/include/python3.10
[0.471s] -- Using PYTHON_LIBRARIES: /usr/lib/x86_64-linux-gnu/libpython3.10.so
[0.485s] -- Found PythonExtra: .so  
[0.487s] -- Found ament_cmake_pytest: 1.3.12 (/opt/ros/humble/share/ament_cmake_pytest/cmake)
[0.527s] -- Configuring done
[0.530s] -- Generating done
[0.532s] -- Build files have been written to: /home/matei/ur_yt_ws/build/ur_simulation_gazebo
[0.538s] Invoked command in '/home/matei/ur_yt_ws/build/ur_simulation_gazebo' returned '0': AMENT_PREFIX_PATH=/home/matei/ur_yt_ws/install/ur_description:${AMENT_PREFIX_PATH} CMAKE_PREFIX_PATH=/home/matei/ur_yt_ws/install/ur_description:/opt/ros/humble /usr/bin/cmake /home/matei/ur_yt_ws/src/Universal_Robots_ROS2_Gazebo_Simulation/ur_simulation_gazebo -DCMAKE_INSTALL_PREFIX=/home/matei/ur_yt_ws/install/ur_simulation_gazebo
[0.539s] Invoking command in '/home/matei/ur_yt_ws/build/ur_simulation_gazebo': AMENT_PREFIX_PATH=/home/matei/ur_yt_ws/install/ur_description:${AMENT_PREFIX_PATH} CMAKE_PREFIX_PATH=/home/matei/ur_yt_ws/install/ur_description:/opt/ros/humble /usr/bin/cmake --build /home/matei/ur_yt_ws/build/ur_simulation_gazebo -- -j12 -l12
[0.580s] Invoked command in '/home/matei/ur_yt_ws/build/ur_simulation_gazebo' returned '0': AMENT_PREFIX_PATH=/home/matei/ur_yt_ws/install/ur_description:${AMENT_PREFIX_PATH} CMAKE_PREFIX_PATH=/home/matei/ur_yt_ws/install/ur_description:/opt/ros/humble /usr/bin/cmake --build /home/matei/ur_yt_ws/build/ur_simulation_gazebo -- -j12 -l12
[0.581s] Invoking command in '/home/matei/ur_yt_ws/build/ur_simulation_gazebo': AMENT_PREFIX_PATH=/home/matei/ur_yt_ws/install/ur_description:${AMENT_PREFIX_PATH} CMAKE_PREFIX_PATH=/home/matei/ur_yt_ws/install/ur_description:/opt/ros/humble /usr/bin/cmake --install /home/matei/ur_yt_ws/build/ur_simulation_gazebo
[0.588s] -- Install configuration: ""
[0.588s] -- Installing: /home/matei/ur_yt_ws/install/ur_simulation_gazebo/share/ur_simulation_gazebo/config
[0.588s] -- Installing: /home/matei/ur_yt_ws/install/ur_simulation_gazebo/share/ur_simulation_gazebo/config/ur_controllers.yaml
[0.589s] -- Installing: /home/matei/ur_yt_ws/install/ur_simulation_gazebo/share/ur_simulation_gazebo/launch
[0.589s] -- Installing: /home/matei/ur_yt_ws/install/ur_simulation_gazebo/share/ur_simulation_gazebo/launch/ur_sim_moveit.launch.py
[0.589s] -- Installing: /home/matei/ur_yt_ws/install/ur_simulation_gazebo/share/ur_simulation_gazebo/launch/ur_sim_control.launch.py
[0.589s] -- Installing: /home/matei/ur_yt_ws/install/ur_simulation_gazebo/share/ament_index/resource_index/package_run_dependencies/ur_simulation_gazebo
[0.589s] -- Installing: /home/matei/ur_yt_ws/install/ur_simulation_gazebo/share/ament_index/resource_index/parent_prefix_path/ur_simulation_gazebo
[0.590s] -- Installing: /home/matei/ur_yt_ws/install/ur_simulation_gazebo/share/ur_simulation_gazebo/environment/ament_prefix_path.sh
[0.590s] -- Installing: /home/matei/ur_yt_ws/install/ur_simulation_gazebo/share/ur_simulation_gazebo/environment/ament_prefix_path.dsv
[0.590s] -- Installing: /home/matei/ur_yt_ws/install/ur_simulation_gazebo/share/ur_simulation_gazebo/environment/path.sh
[0.590s] -- Installing: /home/matei/ur_yt_ws/install/ur_simulation_gazebo/share/ur_simulation_gazebo/environment/path.dsv
[0.590s] -- Installing: /home/matei/ur_yt_ws/install/ur_simulation_gazebo/share/ur_simulation_gazebo/local_setup.bash
[0.590s] -- Installing: /home/matei/ur_yt_ws/install/ur_simulation_gazebo/share/ur_simulation_gazebo/local_setup.sh
[0.591s] -- Installing: /home/matei/ur_yt_ws/install/ur_simulation_gazebo/share/ur_simulation_gazebo/local_setup.zsh
[0.591s] -- Installing: /home/matei/ur_yt_ws/install/ur_simulation_gazebo/share/ur_simulation_gazebo/local_setup.dsv
[0.591s] -- Installing: /home/matei/ur_yt_ws/install/ur_simulation_gazebo/share/ur_simulation_gazebo/package.dsv
[0.591s] -- Installing: /home/matei/ur_yt_ws/install/ur_simulation_gazebo/share/ament_index/resource_index/packages/ur_simulation_gazebo
[0.591s] -- Installing: /home/matei/ur_yt_ws/install/ur_simulation_gazebo/share/ur_simulation_gazebo/cmake/ur_simulation_gazeboConfig.cmake
[0.592s] -- Installing: /home/matei/ur_yt_ws/install/ur_simulation_gazebo/share/ur_simulation_gazebo/cmake/ur_simulation_gazeboConfig-version.cmake
[0.592s] -- Installing: /home/matei/ur_yt_ws/install/ur_simulation_gazebo/share/ur_simulation_gazebo/package.xml
[0.594s] Invoked command in '/home/matei/ur_yt_ws/build/ur_simulation_gazebo' returned '0': AMENT_PREFIX_PATH=/home/matei/ur_yt_ws/install/ur_description:${AMENT_PREFIX_PATH} CMAKE_PREFIX_PATH=/home/matei/ur_yt_ws/install/ur_description:/opt/ros/humble /usr/bin/cmake --install /home/matei/ur_yt_ws/build/ur_simulation_gazebo
