[0.005s] Invoking command in '/home/matei/ur_yt_ws/src/build/ur_description': /usr/bin/cmake /home/matei/ur_yt_ws/src/Universal_Robots_ROS2_Description -DCMAKE_INSTALL_PREFIX=/home/matei/ur_yt_ws/src/install/ur_description
[0.027s] [31mCMake Error at CMakeLists.txt:4 (find_package):
[0.027s]   By not providing "Findament_cmake.cmake" in CMAKE_MODULE_PATH this project
[0.027s]   has asked CMake to find a package configuration file provided by
[0.027s]   "ament_cmake", but CMake did not find one.
[0.027s] 
[0.027s]   Could not find a package configuration file provided by "ament_cmake" with
[0.027s]   any of the following names:
[0.027s] 
[0.027s]     ament_cmakeConfig.cmake
[0.027s]     ament_cmake-config.cmake
[0.027s] 
[0.027s]   Add the installation prefix of "ament_cmake" to CMAKE_PREFIX_PATH or set
[0.027s]   "ament_cmake_DIR" to a directory containing one of the above files.  If
[0.027s]   "ament_cmake" provides a separate development package or SDK, be sure it
[0.027s]   has been installed.
[0.027s] 
[0.027s] [0m
[0.027s] -- Configuring incomplete, errors occurred!
[0.028s] See also "/home/matei/ur_yt_ws/src/build/ur_description/CMakeFiles/CMakeOutput.log".
[0.028s] Invoked command in '/home/matei/ur_yt_ws/src/build/ur_description' returned '1': /usr/bin/cmake /home/matei/ur_yt_ws/src/Universal_Robots_ROS2_Description -DCMAKE_INSTALL_PREFIX=/home/matei/ur_yt_ws/src/install/ur_description
