[0.005s] Invoking command in '/home/matei/ur_yt_ws/src/build/ur_description': /usr/bin/cmake /home/matei/ur_yt_ws/src/Universal_Robots_ROS2_Description -DCMAKE_INSTALL_PREFIX=/home/matei/ur_yt_ws/src/install/ur_description
[0.046s] -- The C compiler identification is GNU 11.4.0
[0.082s] -- The CXX compiler identification is GNU 11.4.0
[0.087s] -- Detecting C compiler ABI info
[0.141s] -- Detecting C compiler ABI info - done
[0.145s] -- Check for working C compiler: /usr/bin/cc - skipped
[0.146s] -- Detecting C compile features
[0.146s] -- Detecting C compile features - done
[0.148s] -- Detecting CXX compiler ABI info
[0.215s] -- Detecting CXX compiler ABI info - done
[0.223s] -- Check for working CXX compiler: /usr/bin/c++ - skipped
[0.223s] -- Detecting CXX compile features
[0.223s] -- Detecting CXX compile features - done
[0.237s] [31mCMake Error at CMakeLists.txt:4 (find_package):
[0.237s]   By not providing "Findament_cmake.cmake" in CMAKE_MODULE_PATH this project
[0.238s]   has asked CMake to find a package configuration file provided by
[0.238s]   "ament_cmake", but CMake did not find one.
[0.238s] 
[0.238s]   Could not find a package configuration file provided by "ament_cmake" with
[0.238s]   any of the following names:
[0.238s] 
[0.238s]     ament_cmakeConfig.cmake
[0.238s]     ament_cmake-config.cmake
[0.238s] 
[0.238s]   Add the installation prefix of "ament_cmake" to CMAKE_PREFIX_PATH or set
[0.238s]   "ament_cmake_DIR" to a directory containing one of the above files.  If
[0.238s]   "ament_cmake" provides a separate development package or SDK, be sure it
[0.238s]   has been installed.
[0.238s] 
[0.238s] [0m
[0.238s] -- Configuring incomplete, errors occurred!
[0.238s] See also "/home/matei/ur_yt_ws/src/build/ur_description/CMakeFiles/CMakeOutput.log".
[0.241s] Invoked command in '/home/matei/ur_yt_ws/src/build/ur_description' returned '1': /usr/bin/cmake /home/matei/ur_yt_ws/src/Universal_Robots_ROS2_Description -DCMAKE_INSTALL_PREFIX=/home/matei/ur_yt_ws/src/install/ur_description
