running develop
Removing /home/matei/ur_yt_ws/install/ur5_keyboard_teleop/lib/python3.10/site-packages/ur5-keyboard-teleop.egg-link (link to .)
running egg_info
writing ../../build/ur5_keyboard_teleop/ur5_keyboard_teleop.egg-info/PKG-INFO
writing dependency_links to ../../build/ur5_keyboard_teleop/ur5_keyboard_teleop.egg-info/dependency_links.txt
writing entry points to ../../build/ur5_keyboard_teleop/ur5_keyboard_teleop.egg-info/entry_points.txt
writing requirements to ../../build/ur5_keyboard_teleop/ur5_keyboard_teleop.egg-info/requires.txt
writing top-level names to ../../build/ur5_keyboard_teleop/ur5_keyboard_teleop.egg-info/top_level.txt
reading manifest file '../../build/ur5_keyboard_teleop/ur5_keyboard_teleop.egg-info/SOURCES.txt'
writing manifest file '../../build/ur5_keyboard_teleop/ur5_keyboard_teleop.egg-info/SOURCES.txt'
running build
running build_py
creating /home/matei/ur_yt_ws/build/ur5_keyboard_teleop/build
creating /home/matei/ur_yt_ws/build/ur5_keyboard_teleop/build/lib
creating /home/matei/ur_yt_ws/build/ur5_keyboard_teleop/build/lib/ur5_keyboard_teleop
copying ur5_keyboard_teleop/__init__.py -> /home/matei/ur_yt_ws/build/ur5_keyboard_teleop/build/lib/ur5_keyboard_teleop
copying ur5_keyboard_teleop/keyboard_teleop.py -> /home/matei/ur_yt_ws/build/ur5_keyboard_teleop/build/lib/ur5_keyboard_teleop
running install
running install_lib
creating /home/matei/ur_yt_ws/install/ur5_keyboard_teleop/lib/python3.10/site-packages/ur5_keyboard_teleop
copying /home/matei/ur_yt_ws/build/ur5_keyboard_teleop/build/lib/ur5_keyboard_teleop/__init__.py -> /home/matei/ur_yt_ws/install/ur5_keyboard_teleop/lib/python3.10/site-packages/ur5_keyboard_teleop
copying /home/matei/ur_yt_ws/build/ur5_keyboard_teleop/build/lib/ur5_keyboard_teleop/keyboard_teleop.py -> /home/matei/ur_yt_ws/install/ur5_keyboard_teleop/lib/python3.10/site-packages/ur5_keyboard_teleop
byte-compiling /home/matei/ur_yt_ws/install/ur5_keyboard_teleop/lib/python3.10/site-packages/ur5_keyboard_teleop/__init__.py to __init__.cpython-310.pyc
byte-compiling /home/matei/ur_yt_ws/install/ur5_keyboard_teleop/lib/python3.10/site-packages/ur5_keyboard_teleop/keyboard_teleop.py to keyboard_teleop.cpython-310.pyc
running install_data
copying resource/ur5_keyboard_teleop -> /home/matei/ur_yt_ws/install/ur5_keyboard_teleop/share/ament_index/resource_index/packages
copying package.xml -> /home/matei/ur_yt_ws/install/ur5_keyboard_teleop/share/ur5_keyboard_teleop
running install_egg_info
Copying ../../build/ur5_keyboard_teleop/ur5_keyboard_teleop.egg-info to /home/matei/ur_yt_ws/install/ur5_keyboard_teleop/lib/python3.10/site-packages/ur5_keyboard_teleop-0.0.0-py3.10.egg-info
running install_scripts
Installing keyboard_teleop script to /home/matei/ur_yt_ws/install/ur5_keyboard_teleop/lib/ur5_keyboard_teleop
writing list of installed files to '/home/matei/ur_yt_ws/build/ur5_keyboard_teleop/install.log'
