[0.073s] DEBUG:colcon:Command line arguments: ['/usr/bin/colcon', 'build', '--symlink-install']
[0.073s] DEBUG:colcon:Parsed command line arguments: Namespace(log_base=None, log_level=None, verb_name='build', build_base='build', install_base='install', merge_install=False, symlink_install=True, test_result_base=None, continue_on_error=False, executor='parallel', parallel_workers=12, event_handlers=None, ignore_user_meta=False, metas=['./colcon.meta'], base_paths=['.'], packages_ignore=None, packages_ignore_regex=None, paths=None, packages_up_to=None, packages_up_to_regex=None, packages_above=None, packages_above_and_dependencies=None, packages_above_depth=None, packages_select_by_dep=None, packages_skip_by_dep=None, packages_skip_up_to=None, packages_select_build_failed=False, packages_skip_build_finished=False, packages_select_test_failures=False, packages_skip_test_passed=False, packages_select=None, packages_skip=None, packages_select_regex=None, packages_skip_regex=None, packages_start=None, packages_end=None, allow_overriding=[], cmake_args=None, cmake_target=None, cmake_target_skip_unavailable=False, cmake_clean_cache=False, cmake_clean_first=False, cmake_force_configure=False, ament_cmake_args=None, catkin_cmake_args=None, catkin_skip_building_tests=False, mixin_files=None, mixin=None, verb_parser=<colcon_mixin.mixin.mixin_argument.MixinArgumentDecorator object at 0x77df68a663b0>, verb_extension=<colcon_core.verb.build.BuildVerb object at 0x77df68a65ea0>, main=<bound method BuildVerb.main of <colcon_core.verb.build.BuildVerb object at 0x77df68a65ea0>>, mixin_verb=('build',))
[0.188s] Level 1:colcon.colcon_core.package_discovery:discover_packages(colcon_meta) check parameters
[0.188s] Level 1:colcon.colcon_core.package_discovery:discover_packages(recursive) check parameters
[0.188s] Level 1:colcon.colcon_core.package_discovery:discover_packages(ignore) check parameters
[0.188s] Level 1:colcon.colcon_core.package_discovery:discover_packages(path) check parameters
[0.188s] Level 1:colcon.colcon_core.package_discovery:discover_packages(colcon_meta) discover
[0.188s] Level 1:colcon.colcon_core.package_discovery:discover_packages(recursive) discover
[0.188s] INFO:colcon.colcon_core.package_discovery:Crawling recursively for packages in '/home/matei/ur_yt_ws'
[0.188s] Level 1:colcon.colcon_core.package_identification:_identify(.) by extensions ['ignore', 'ignore_ament_install']
[0.188s] Level 1:colcon.colcon_core.package_identification:_identify(.) by extension 'ignore'
[0.188s] Level 1:colcon.colcon_core.package_identification:_identify(.) by extension 'ignore_ament_install'
[0.188s] Level 1:colcon.colcon_core.package_identification:_identify(.) by extensions ['colcon_pkg']
[0.188s] Level 1:colcon.colcon_core.package_identification:_identify(.) by extension 'colcon_pkg'
[0.188s] Level 1:colcon.colcon_core.package_identification:_identify(.) by extensions ['colcon_meta']
[0.188s] Level 1:colcon.colcon_core.package_identification:_identify(.) by extension 'colcon_meta'
[0.188s] Level 1:colcon.colcon_core.package_identification:_identify(.) by extensions ['ros']
[0.188s] Level 1:colcon.colcon_core.package_identification:_identify(.) by extension 'ros'
[0.195s] Level 1:colcon.colcon_core.package_identification:_identify(.) by extensions ['cmake', 'python']
[0.195s] Level 1:colcon.colcon_core.package_identification:_identify(.) by extension 'cmake'
[0.195s] Level 1:colcon.colcon_core.package_identification:_identify(.) by extension 'python'
[0.195s] Level 1:colcon.colcon_core.package_identification:_identify(.) by extensions ['python_setup_py']
[0.195s] Level 1:colcon.colcon_core.package_identification:_identify(.) by extension 'python_setup_py'
[0.195s] Level 1:colcon.colcon_core.package_identification:_identify(build) by extensions ['ignore', 'ignore_ament_install']
[0.196s] Level 1:colcon.colcon_core.package_identification:_identify(build) by extension 'ignore'
[0.196s] Level 1:colcon.colcon_core.package_identification:_identify(build) ignored
[0.196s] Level 1:colcon.colcon_core.package_identification:_identify(install) by extensions ['ignore', 'ignore_ament_install']
[0.196s] Level 1:colcon.colcon_core.package_identification:_identify(install) by extension 'ignore'
[0.196s] Level 1:colcon.colcon_core.package_identification:_identify(install) ignored
[0.196s] Level 1:colcon.colcon_core.package_identification:_identify(log) by extensions ['ignore', 'ignore_ament_install']
[0.196s] Level 1:colcon.colcon_core.package_identification:_identify(log) by extension 'ignore'
[0.196s] Level 1:colcon.colcon_core.package_identification:_identify(log) ignored
[0.196s] Level 1:colcon.colcon_core.package_identification:_identify(src) by extensions ['ignore', 'ignore_ament_install']
[0.196s] Level 1:colcon.colcon_core.package_identification:_identify(src) by extension 'ignore'
[0.196s] Level 1:colcon.colcon_core.package_identification:_identify(src) by extension 'ignore_ament_install'
[0.196s] Level 1:colcon.colcon_core.package_identification:_identify(src) by extensions ['colcon_pkg']
[0.196s] Level 1:colcon.colcon_core.package_identification:_identify(src) by extension 'colcon_pkg'
[0.196s] Level 1:colcon.colcon_core.package_identification:_identify(src) by extensions ['colcon_meta']
[0.196s] Level 1:colcon.colcon_core.package_identification:_identify(src) by extension 'colcon_meta'
[0.196s] Level 1:colcon.colcon_core.package_identification:_identify(src) by extensions ['ros']
[0.196s] Level 1:colcon.colcon_core.package_identification:_identify(src) by extension 'ros'
[0.196s] Level 1:colcon.colcon_core.package_identification:_identify(src) by extensions ['cmake', 'python']
[0.196s] Level 1:colcon.colcon_core.package_identification:_identify(src) by extension 'cmake'
[0.196s] Level 1:colcon.colcon_core.package_identification:_identify(src) by extension 'python'
[0.196s] Level 1:colcon.colcon_core.package_identification:_identify(src) by extensions ['python_setup_py']
[0.196s] Level 1:colcon.colcon_core.package_identification:_identify(src) by extension 'python_setup_py'
[0.196s] Level 1:colcon.colcon_core.package_identification:_identify(src/Universal_Robots_ROS2_Description) by extensions ['ignore', 'ignore_ament_install']
[0.197s] Level 1:colcon.colcon_core.package_identification:_identify(src/Universal_Robots_ROS2_Description) by extension 'ignore'
[0.197s] Level 1:colcon.colcon_core.package_identification:_identify(src/Universal_Robots_ROS2_Description) by extension 'ignore_ament_install'
[0.197s] Level 1:colcon.colcon_core.package_identification:_identify(src/Universal_Robots_ROS2_Description) by extensions ['colcon_pkg']
[0.197s] Level 1:colcon.colcon_core.package_identification:_identify(src/Universal_Robots_ROS2_Description) by extension 'colcon_pkg'
[0.197s] Level 1:colcon.colcon_core.package_identification:_identify(src/Universal_Robots_ROS2_Description) by extensions ['colcon_meta']
[0.197s] Level 1:colcon.colcon_core.package_identification:_identify(src/Universal_Robots_ROS2_Description) by extension 'colcon_meta'
[0.197s] Level 1:colcon.colcon_core.package_identification:_identify(src/Universal_Robots_ROS2_Description) by extensions ['ros']
[0.197s] Level 1:colcon.colcon_core.package_identification:_identify(src/Universal_Robots_ROS2_Description) by extension 'ros'
[0.198s] DEBUG:colcon.colcon_core.package_identification:Package 'src/Universal_Robots_ROS2_Description' with type 'ros.ament_cmake' and name 'ur_description'
[0.199s] Level 1:colcon.colcon_core.package_identification:_identify(src/Universal_Robots_ROS2_Gazebo_Simulation) by extensions ['ignore', 'ignore_ament_install']
[0.199s] Level 1:colcon.colcon_core.package_identification:_identify(src/Universal_Robots_ROS2_Gazebo_Simulation) by extension 'ignore'
[0.199s] Level 1:colcon.colcon_core.package_identification:_identify(src/Universal_Robots_ROS2_Gazebo_Simulation) by extension 'ignore_ament_install'
[0.199s] Level 1:colcon.colcon_core.package_identification:_identify(src/Universal_Robots_ROS2_Gazebo_Simulation) by extensions ['colcon_pkg']
[0.199s] Level 1:colcon.colcon_core.package_identification:_identify(src/Universal_Robots_ROS2_Gazebo_Simulation) by extension 'colcon_pkg'
[0.199s] Level 1:colcon.colcon_core.package_identification:_identify(src/Universal_Robots_ROS2_Gazebo_Simulation) by extensions ['colcon_meta']
[0.199s] Level 1:colcon.colcon_core.package_identification:_identify(src/Universal_Robots_ROS2_Gazebo_Simulation) by extension 'colcon_meta'
[0.199s] Level 1:colcon.colcon_core.package_identification:_identify(src/Universal_Robots_ROS2_Gazebo_Simulation) by extensions ['ros']
[0.199s] Level 1:colcon.colcon_core.package_identification:_identify(src/Universal_Robots_ROS2_Gazebo_Simulation) by extension 'ros'
[0.199s] Level 1:colcon.colcon_core.package_identification:_identify(src/Universal_Robots_ROS2_Gazebo_Simulation) by extensions ['cmake', 'python']
[0.199s] Level 1:colcon.colcon_core.package_identification:_identify(src/Universal_Robots_ROS2_Gazebo_Simulation) by extension 'cmake'
[0.199s] Level 1:colcon.colcon_core.package_identification:_identify(src/Universal_Robots_ROS2_Gazebo_Simulation) by extension 'python'
[0.199s] Level 1:colcon.colcon_core.package_identification:_identify(src/Universal_Robots_ROS2_Gazebo_Simulation) by extensions ['python_setup_py']
[0.199s] Level 1:colcon.colcon_core.package_identification:_identify(src/Universal_Robots_ROS2_Gazebo_Simulation) by extension 'python_setup_py'
[0.199s] Level 1:colcon.colcon_core.package_identification:_identify(src/Universal_Robots_ROS2_Gazebo_Simulation/ur_simulation_gazebo) by extensions ['ignore', 'ignore_ament_install']
[0.199s] Level 1:colcon.colcon_core.package_identification:_identify(src/Universal_Robots_ROS2_Gazebo_Simulation/ur_simulation_gazebo) by extension 'ignore'
[0.199s] Level 1:colcon.colcon_core.package_identification:_identify(src/Universal_Robots_ROS2_Gazebo_Simulation/ur_simulation_gazebo) by extension 'ignore_ament_install'
[0.199s] Level 1:colcon.colcon_core.package_identification:_identify(src/Universal_Robots_ROS2_Gazebo_Simulation/ur_simulation_gazebo) by extensions ['colcon_pkg']
[0.199s] Level 1:colcon.colcon_core.package_identification:_identify(src/Universal_Robots_ROS2_Gazebo_Simulation/ur_simulation_gazebo) by extension 'colcon_pkg'
[0.199s] Level 1:colcon.colcon_core.package_identification:_identify(src/Universal_Robots_ROS2_Gazebo_Simulation/ur_simulation_gazebo) by extensions ['colcon_meta']
[0.199s] Level 1:colcon.colcon_core.package_identification:_identify(src/Universal_Robots_ROS2_Gazebo_Simulation/ur_simulation_gazebo) by extension 'colcon_meta'
[0.199s] Level 1:colcon.colcon_core.package_identification:_identify(src/Universal_Robots_ROS2_Gazebo_Simulation/ur_simulation_gazebo) by extensions ['ros']
[0.199s] Level 1:colcon.colcon_core.package_identification:_identify(src/Universal_Robots_ROS2_Gazebo_Simulation/ur_simulation_gazebo) by extension 'ros'
[0.200s] DEBUG:colcon.colcon_core.package_identification:Package 'src/Universal_Robots_ROS2_Gazebo_Simulation/ur_simulation_gazebo' with type 'ros.ament_cmake' and name 'ur_simulation_gazebo'
[0.200s] Level 1:colcon.colcon_core.package_identification:_identify(src/build) by extensions ['ignore', 'ignore_ament_install']
[0.200s] Level 1:colcon.colcon_core.package_identification:_identify(src/build) by extension 'ignore'
[0.200s] Level 1:colcon.colcon_core.package_identification:_identify(src/build) ignored
[0.200s] Level 1:colcon.colcon_core.package_identification:_identify(src/install) by extensions ['ignore', 'ignore_ament_install']
[0.200s] Level 1:colcon.colcon_core.package_identification:_identify(src/install) by extension 'ignore'
[0.200s] Level 1:colcon.colcon_core.package_identification:_identify(src/install) ignored
[0.200s] Level 1:colcon.colcon_core.package_identification:_identify(src/log) by extensions ['ignore', 'ignore_ament_install']
[0.200s] Level 1:colcon.colcon_core.package_identification:_identify(src/log) by extension 'ignore'
[0.200s] Level 1:colcon.colcon_core.package_identification:_identify(src/log) ignored
[0.200s] Level 1:colcon.colcon_core.package_identification:_identify(src/ur5_keyboard_teleop) by extensions ['ignore', 'ignore_ament_install']
[0.200s] Level 1:colcon.colcon_core.package_identification:_identify(src/ur5_keyboard_teleop) by extension 'ignore'
[0.200s] Level 1:colcon.colcon_core.package_identification:_identify(src/ur5_keyboard_teleop) by extension 'ignore_ament_install'
[0.200s] Level 1:colcon.colcon_core.package_identification:_identify(src/ur5_keyboard_teleop) by extensions ['colcon_pkg']
[0.200s] Level 1:colcon.colcon_core.package_identification:_identify(src/ur5_keyboard_teleop) by extension 'colcon_pkg'
[0.200s] Level 1:colcon.colcon_core.package_identification:_identify(src/ur5_keyboard_teleop) by extensions ['colcon_meta']
[0.200s] Level 1:colcon.colcon_core.package_identification:_identify(src/ur5_keyboard_teleop) by extension 'colcon_meta'
[0.200s] Level 1:colcon.colcon_core.package_identification:_identify(src/ur5_keyboard_teleop) by extensions ['ros']
[0.200s] Level 1:colcon.colcon_core.package_identification:_identify(src/ur5_keyboard_teleop) by extension 'ros'
[0.201s] DEBUG:colcon.colcon_core.package_identification:Package 'src/ur5_keyboard_teleop' with type 'ros.ament_python' and name 'ur5_keyboard_teleop'
[0.201s] Level 1:colcon.colcon_core.package_discovery:discover_packages(recursive) using defaults
[0.201s] Level 1:colcon.colcon_core.package_discovery:discover_packages(ignore) discover
[0.201s] Level 1:colcon.colcon_core.package_discovery:discover_packages(ignore) using defaults
[0.201s] Level 1:colcon.colcon_core.package_discovery:discover_packages(path) discover
[0.201s] Level 1:colcon.colcon_core.package_discovery:discover_packages(path) using defaults
[0.220s] Level 1:colcon.colcon_core.package_discovery:discover_packages(prefix_path) check parameters
[0.220s] Level 1:colcon.colcon_core.package_discovery:discover_packages(prefix_path) discover
[0.221s] DEBUG:colcon.colcon_installed_package_information.package_discovery:Found 3 installed packages in /home/matei/ur_yt_ws/install
[0.223s] DEBUG:colcon.colcon_installed_package_information.package_discovery:Found 391 installed packages in /opt/ros/humble
[0.224s] Level 1:colcon.colcon_core.package_discovery:discover_packages(prefix_path) using defaults
[0.255s] WARNING:colcon.colcon_core.package_selection:Some selected packages are already built in one or more underlay workspaces:
	'ur_description' is in: /home/matei/ur_yt_ws/install/ur_description, /opt/ros/humble
If a package in a merged underlay workspace is overridden and it installs headers, then all packages in the overlay must sort their include directories by workspace order. Failure to do so may result in build failures or undefined behavior at run time.
If the overridden package is used by another package in any underlay, then the overriding package in the overlay must be API and ABI compatible or undefined behavior at run time may occur.

If you understand the risks and want to override a package anyways, add the following to the command line:
	--allow-overriding ur_description

This may be promoted to an error in a future release of colcon-override-check.
[0.255s] Level 5:colcon.colcon_core.verb:set package 'ur5_keyboard_teleop' build argument 'cmake_args' from command line to 'None'
[0.256s] Level 5:colcon.colcon_core.verb:set package 'ur5_keyboard_teleop' build argument 'cmake_target' from command line to 'None'
[0.256s] Level 5:colcon.colcon_core.verb:set package 'ur5_keyboard_teleop' build argument 'cmake_target_skip_unavailable' from command line to 'False'
[0.256s] Level 5:colcon.colcon_core.verb:set package 'ur5_keyboard_teleop' build argument 'cmake_clean_cache' from command line to 'False'
[0.256s] Level 5:colcon.colcon_core.verb:set package 'ur5_keyboard_teleop' build argument 'cmake_clean_first' from command line to 'False'
[0.256s] Level 5:colcon.colcon_core.verb:set package 'ur5_keyboard_teleop' build argument 'cmake_force_configure' from command line to 'False'
[0.256s] Level 5:colcon.colcon_core.verb:set package 'ur5_keyboard_teleop' build argument 'ament_cmake_args' from command line to 'None'
[0.256s] Level 5:colcon.colcon_core.verb:set package 'ur5_keyboard_teleop' build argument 'catkin_cmake_args' from command line to 'None'
[0.256s] Level 5:colcon.colcon_core.verb:set package 'ur5_keyboard_teleop' build argument 'catkin_skip_building_tests' from command line to 'False'
[0.256s] DEBUG:colcon.colcon_core.verb:Building package 'ur5_keyboard_teleop' with the following arguments: {'ament_cmake_args': None, 'build_base': '/home/matei/ur_yt_ws/build/ur5_keyboard_teleop', 'catkin_cmake_args': None, 'catkin_skip_building_tests': False, 'cmake_args': None, 'cmake_clean_cache': False, 'cmake_clean_first': False, 'cmake_force_configure': False, 'cmake_target': None, 'cmake_target_skip_unavailable': False, 'install_base': '/home/matei/ur_yt_ws/install/ur5_keyboard_teleop', 'merge_install': False, 'path': '/home/matei/ur_yt_ws/src/ur5_keyboard_teleop', 'symlink_install': True, 'test_result_base': None}
[0.256s] Level 5:colcon.colcon_core.verb:set package 'ur_description' build argument 'cmake_args' from command line to 'None'
[0.256s] Level 5:colcon.colcon_core.verb:set package 'ur_description' build argument 'cmake_target' from command line to 'None'
[0.256s] Level 5:colcon.colcon_core.verb:set package 'ur_description' build argument 'cmake_target_skip_unavailable' from command line to 'False'
[0.256s] Level 5:colcon.colcon_core.verb:set package 'ur_description' build argument 'cmake_clean_cache' from command line to 'False'
[0.256s] Level 5:colcon.colcon_core.verb:set package 'ur_description' build argument 'cmake_clean_first' from command line to 'False'
[0.256s] Level 5:colcon.colcon_core.verb:set package 'ur_description' build argument 'cmake_force_configure' from command line to 'False'
[0.256s] Level 5:colcon.colcon_core.verb:set package 'ur_description' build argument 'ament_cmake_args' from command line to 'None'
[0.256s] Level 5:colcon.colcon_core.verb:set package 'ur_description' build argument 'catkin_cmake_args' from command line to 'None'
[0.256s] Level 5:colcon.colcon_core.verb:set package 'ur_description' build argument 'catkin_skip_building_tests' from command line to 'False'
[0.256s] DEBUG:colcon.colcon_core.verb:Building package 'ur_description' with the following arguments: {'ament_cmake_args': None, 'build_base': '/home/matei/ur_yt_ws/build/ur_description', 'catkin_cmake_args': None, 'catkin_skip_building_tests': False, 'cmake_args': None, 'cmake_clean_cache': False, 'cmake_clean_first': False, 'cmake_force_configure': False, 'cmake_target': None, 'cmake_target_skip_unavailable': False, 'install_base': '/home/matei/ur_yt_ws/install/ur_description', 'merge_install': False, 'path': '/home/matei/ur_yt_ws/src/Universal_Robots_ROS2_Description', 'symlink_install': True, 'test_result_base': None}
[0.256s] Level 5:colcon.colcon_core.verb:set package 'ur_simulation_gazebo' build argument 'cmake_args' from command line to 'None'
[0.256s] Level 5:colcon.colcon_core.verb:set package 'ur_simulation_gazebo' build argument 'cmake_target' from command line to 'None'
[0.256s] Level 5:colcon.colcon_core.verb:set package 'ur_simulation_gazebo' build argument 'cmake_target_skip_unavailable' from command line to 'False'
[0.256s] Level 5:colcon.colcon_core.verb:set package 'ur_simulation_gazebo' build argument 'cmake_clean_cache' from command line to 'False'
[0.256s] Level 5:colcon.colcon_core.verb:set package 'ur_simulation_gazebo' build argument 'cmake_clean_first' from command line to 'False'
[0.256s] Level 5:colcon.colcon_core.verb:set package 'ur_simulation_gazebo' build argument 'cmake_force_configure' from command line to 'False'
[0.256s] Level 5:colcon.colcon_core.verb:set package 'ur_simulation_gazebo' build argument 'ament_cmake_args' from command line to 'None'
[0.256s] Level 5:colcon.colcon_core.verb:set package 'ur_simulation_gazebo' build argument 'catkin_cmake_args' from command line to 'None'
[0.256s] Level 5:colcon.colcon_core.verb:set package 'ur_simulation_gazebo' build argument 'catkin_skip_building_tests' from command line to 'False'
[0.256s] DEBUG:colcon.colcon_core.verb:Building package 'ur_simulation_gazebo' with the following arguments: {'ament_cmake_args': None, 'build_base': '/home/matei/ur_yt_ws/build/ur_simulation_gazebo', 'catkin_cmake_args': None, 'catkin_skip_building_tests': False, 'cmake_args': None, 'cmake_clean_cache': False, 'cmake_clean_first': False, 'cmake_force_configure': False, 'cmake_target': None, 'cmake_target_skip_unavailable': False, 'install_base': '/home/matei/ur_yt_ws/install/ur_simulation_gazebo', 'merge_install': False, 'path': '/home/matei/ur_yt_ws/src/Universal_Robots_ROS2_Gazebo_Simulation/ur_simulation_gazebo', 'symlink_install': True, 'test_result_base': None}
[0.256s] INFO:colcon.colcon_core.executor:Executing jobs using 'parallel' executor
[0.257s] DEBUG:colcon.colcon_parallel_executor.executor.parallel:run_until_complete
[0.257s] INFO:colcon.colcon_ros.task.ament_cmake.build:Building ROS package in '/home/matei/ur_yt_ws/src/Universal_Robots_ROS2_Description' with build type 'ament_cmake'
[0.257s] INFO:colcon.colcon_cmake.task.cmake.build:Building CMake package in '/home/matei/ur_yt_ws/src/Universal_Robots_ROS2_Description'
[0.259s] INFO:colcon.colcon_core.plugin_system:Skipping extension 'colcon_core.shell.bat': Not used on non-Windows systems
[0.259s] INFO:colcon.colcon_core.shell:Skip shell extension 'powershell' for command environment: Not usable outside of PowerShell
[0.259s] DEBUG:colcon.colcon_core.shell:Skip shell extension 'dsv' for command environment
[0.261s] INFO:colcon.colcon_ros.task.ament_python.build:Building ROS package in '/home/matei/ur_yt_ws/src/ur5_keyboard_teleop' with build type 'ament_python'
[0.261s] Level 1:colcon.colcon_core.shell:create_environment_hook('ur5_keyboard_teleop', 'ament_prefix_path')
[0.262s] INFO:colcon.colcon_core.shell:Creating environment hook '/home/matei/ur_yt_ws/install/ur5_keyboard_teleop/share/ur5_keyboard_teleop/hook/ament_prefix_path.ps1'
[0.262s] INFO:colcon.colcon_core.shell:Creating environment descriptor '/home/matei/ur_yt_ws/install/ur5_keyboard_teleop/share/ur5_keyboard_teleop/hook/ament_prefix_path.dsv'
[0.262s] INFO:colcon.colcon_core.shell:Creating environment hook '/home/matei/ur_yt_ws/install/ur5_keyboard_teleop/share/ur5_keyboard_teleop/hook/ament_prefix_path.sh'
[0.263s] INFO:colcon.colcon_core.shell:Skip shell extension 'powershell' for command environment: Not usable outside of PowerShell
[0.263s] DEBUG:colcon.colcon_core.shell:Skip shell extension 'dsv' for command environment
[0.268s] DEBUG:colcon.colcon_core.event_handler.log_command:Invoking command in '/home/matei/ur_yt_ws/build/ur_description': CMAKE_PREFIX_PATH=${CMAKE_PREFIX_PATH}:/home/matei/ur_yt_ws/install/ur5_keyboard_teleop:/opt/ros/humble /usr/bin/cmake /home/matei/ur_yt_ws/src/Universal_Robots_ROS2_Description -DAMENT_CMAKE_SYMLINK_INSTALL=1 -DCMAKE_INSTALL_PREFIX=/home/matei/ur_yt_ws/install/ur_description
[0.445s] INFO:colcon.colcon_core.task.python.build:Building Python package in '/home/matei/ur_yt_ws/src/ur5_keyboard_teleop'
[0.445s] INFO:colcon.colcon_core.shell:Skip shell extension 'powershell' for command environment: Not usable outside of PowerShell
[0.445s] DEBUG:colcon.colcon_core.shell:Skip shell extension 'dsv' for command environment
[0.676s] DEBUG:colcon.colcon_core.task.python.build:While undoing a previous installation files outside the Python library path are being ignored: /home/matei/ur_yt_ws/install/ur5_keyboard_teleop/share/ament_index/resource_index/packages/ur5_keyboard_teleop
[0.676s] DEBUG:colcon.colcon_core.task.python.build:While undoing a previous installation files outside the Python library path are being ignored: /home/matei/ur_yt_ws/install/ur5_keyboard_teleop/share/ur5_keyboard_teleop/package.xml
[0.677s] DEBUG:colcon.colcon_core.task.python.build:While undoing a previous installation files outside the Python library path are being ignored: /home/matei/ur_yt_ws/install/ur5_keyboard_teleop/lib/ur5_keyboard_teleop/keyboard_teleop
[0.678s] DEBUG:colcon.colcon_core.event_handler.log_command:Invoking command in '/home/matei/ur_yt_ws/build/ur5_keyboard_teleop': PYTHONPATH=/home/matei/ur_yt_ws/build/ur5_keyboard_teleop/prefix_override:/usr/lib/python3/dist-packages/colcon_core/task/python/colcon_distutils_commands:/home/matei/ur_yt_ws/install/ur5_keyboard_teleop/lib/python3.10/site-packages:${PYTHONPATH} /usr/bin/python3 -W ignore:setup.py install is deprecated -W ignore:easy_install command is deprecated setup.py develop --editable --build-directory /home/matei/ur_yt_ws/build/ur5_keyboard_teleop/build --no-deps symlink_data --force
[0.814s] DEBUG:colcon.colcon_core.event_handler.log_command:Invoked command in '/home/matei/ur_yt_ws/build/ur_description' returned '0': CMAKE_PREFIX_PATH=${CMAKE_PREFIX_PATH}:/home/matei/ur_yt_ws/install/ur5_keyboard_teleop:/opt/ros/humble /usr/bin/cmake /home/matei/ur_yt_ws/src/Universal_Robots_ROS2_Description -DAMENT_CMAKE_SYMLINK_INSTALL=1 -DCMAKE_INSTALL_PREFIX=/home/matei/ur_yt_ws/install/ur_description
[0.816s] DEBUG:colcon.colcon_core.event_handler.log_command:Invoking command in '/home/matei/ur_yt_ws/build/ur_description': CMAKE_PREFIX_PATH=${CMAKE_PREFIX_PATH}:/home/matei/ur_yt_ws/install/ur5_keyboard_teleop:/opt/ros/humble /usr/bin/cmake --build /home/matei/ur_yt_ws/build/ur_description -- -j12 -l12
[0.845s] DEBUG:colcon.colcon_core.event_handler.log_command:Invoked command in '/home/matei/ur_yt_ws/build/ur_description' returned '0': CMAKE_PREFIX_PATH=${CMAKE_PREFIX_PATH}:/home/matei/ur_yt_ws/install/ur5_keyboard_teleop:/opt/ros/humble /usr/bin/cmake --build /home/matei/ur_yt_ws/build/ur_description -- -j12 -l12
[0.852s] DEBUG:colcon.colcon_core.event_handler.log_command:Invoking command in '/home/matei/ur_yt_ws/build/ur_description': CMAKE_PREFIX_PATH=${CMAKE_PREFIX_PATH}:/home/matei/ur_yt_ws/install/ur5_keyboard_teleop:/opt/ros/humble /usr/bin/cmake --install /home/matei/ur_yt_ws/build/ur_description
[0.886s] Level 1:colcon.colcon_core.environment:create_environment_scripts_only(ur_description)
[0.886s] DEBUG:colcon.colcon_core.event_handler.log_command:Invoked command in '/home/matei/ur_yt_ws/build/ur_description' returned '0': CMAKE_PREFIX_PATH=${CMAKE_PREFIX_PATH}:/home/matei/ur_yt_ws/install/ur5_keyboard_teleop:/opt/ros/humble /usr/bin/cmake --install /home/matei/ur_yt_ws/build/ur_description
[0.888s] Level 1:colcon.colcon_core.environment:checking '/home/matei/ur_yt_ws/install/ur_description' for CMake module files
[0.888s] Level 1:colcon.colcon_core.environment:checking '/home/matei/ur_yt_ws/install/ur_description' for CMake config files
[0.890s] Level 1:colcon.colcon_core.shell:create_environment_hook('ur_description', 'cmake_prefix_path')
[0.890s] INFO:colcon.colcon_core.shell:Creating environment hook '/home/matei/ur_yt_ws/install/ur_description/share/ur_description/hook/cmake_prefix_path.ps1'
[0.891s] INFO:colcon.colcon_core.shell:Creating environment descriptor '/home/matei/ur_yt_ws/install/ur_description/share/ur_description/hook/cmake_prefix_path.dsv'
[0.891s] INFO:colcon.colcon_core.shell:Creating environment hook '/home/matei/ur_yt_ws/install/ur_description/share/ur_description/hook/cmake_prefix_path.sh'
[0.892s] Level 1:colcon.colcon_core.environment:checking '/home/matei/ur_yt_ws/install/ur_description/bin'
[0.892s] Level 1:colcon.colcon_core.environment:checking '/home/matei/ur_yt_ws/install/ur_description/lib/pkgconfig/ur_description.pc'
[0.892s] Level 1:colcon.colcon_core.environment:checking '/home/matei/ur_yt_ws/install/ur_description/lib/python3.10/site-packages'
[0.892s] Level 1:colcon.colcon_core.environment:checking '/home/matei/ur_yt_ws/install/ur_description/bin'
[0.892s] INFO:colcon.colcon_core.shell:Creating package script '/home/matei/ur_yt_ws/install/ur_description/share/ur_description/package.ps1'
[0.893s] INFO:colcon.colcon_core.shell:Creating package descriptor '/home/matei/ur_yt_ws/install/ur_description/share/ur_description/package.dsv'
[0.893s] INFO:colcon.colcon_core.shell:Creating package script '/home/matei/ur_yt_ws/install/ur_description/share/ur_description/package.sh'
[0.894s] INFO:colcon.colcon_core.shell:Creating package script '/home/matei/ur_yt_ws/install/ur_description/share/ur_description/package.bash'
[0.895s] INFO:colcon.colcon_core.shell:Creating package script '/home/matei/ur_yt_ws/install/ur_description/share/ur_description/package.zsh'
[0.895s] Level 1:colcon.colcon_core.environment:create_file_with_runtime_dependencies(/home/matei/ur_yt_ws/install/ur_description/share/colcon-core/packages/ur_description)
[0.896s] Level 1:colcon.colcon_core.environment:create_environment_scripts_only(ur_description)
[0.896s] Level 1:colcon.colcon_core.environment:checking '/home/matei/ur_yt_ws/install/ur_description' for CMake module files
[0.896s] Level 1:colcon.colcon_core.environment:checking '/home/matei/ur_yt_ws/install/ur_description' for CMake config files
[0.898s] Level 1:colcon.colcon_core.shell:create_environment_hook('ur_description', 'cmake_prefix_path')
[0.898s] INFO:colcon.colcon_core.shell:Creating environment hook '/home/matei/ur_yt_ws/install/ur_description/share/ur_description/hook/cmake_prefix_path.ps1'
[0.899s] INFO:colcon.colcon_core.shell:Creating environment descriptor '/home/matei/ur_yt_ws/install/ur_description/share/ur_description/hook/cmake_prefix_path.dsv'
[0.899s] INFO:colcon.colcon_core.shell:Creating environment hook '/home/matei/ur_yt_ws/install/ur_description/share/ur_description/hook/cmake_prefix_path.sh'
[0.899s] Level 1:colcon.colcon_core.environment:checking '/home/matei/ur_yt_ws/install/ur_description/bin'
[0.899s] Level 1:colcon.colcon_core.environment:checking '/home/matei/ur_yt_ws/install/ur_description/lib/pkgconfig/ur_description.pc'
[0.900s] Level 1:colcon.colcon_core.environment:checking '/home/matei/ur_yt_ws/install/ur_description/lib/python3.10/site-packages'
[0.900s] Level 1:colcon.colcon_core.environment:checking '/home/matei/ur_yt_ws/install/ur_description/bin'
[0.900s] INFO:colcon.colcon_core.shell:Creating package script '/home/matei/ur_yt_ws/install/ur_description/share/ur_description/package.ps1'
[0.900s] INFO:colcon.colcon_core.shell:Creating package descriptor '/home/matei/ur_yt_ws/install/ur_description/share/ur_description/package.dsv'
[0.901s] INFO:colcon.colcon_core.shell:Creating package script '/home/matei/ur_yt_ws/install/ur_description/share/ur_description/package.sh'
[0.901s] INFO:colcon.colcon_core.shell:Creating package script '/home/matei/ur_yt_ws/install/ur_description/share/ur_description/package.bash'
[0.901s] INFO:colcon.colcon_core.shell:Creating package script '/home/matei/ur_yt_ws/install/ur_description/share/ur_description/package.zsh'
[0.902s] Level 1:colcon.colcon_core.environment:create_file_with_runtime_dependencies(/home/matei/ur_yt_ws/install/ur_description/share/colcon-core/packages/ur_description)
[0.902s] INFO:colcon.colcon_ros.task.ament_cmake.build:Building ROS package in '/home/matei/ur_yt_ws/src/Universal_Robots_ROS2_Gazebo_Simulation/ur_simulation_gazebo' with build type 'ament_cmake'
[0.902s] INFO:colcon.colcon_cmake.task.cmake.build:Building CMake package in '/home/matei/ur_yt_ws/src/Universal_Robots_ROS2_Gazebo_Simulation/ur_simulation_gazebo'
[0.902s] INFO:colcon.colcon_core.shell:Skip shell extension 'powershell' for command environment: Not usable outside of PowerShell
[0.902s] DEBUG:colcon.colcon_core.shell:Skip shell extension 'dsv' for command environment
[0.909s] DEBUG:colcon.colcon_core.event_handler.log_command:Invoking command in '/home/matei/ur_yt_ws/build/ur_simulation_gazebo': CMAKE_PREFIX_PATH=/home/matei/ur_yt_ws/install/ur_description:/home/matei/ur_yt_ws/install/ur_simulation_gazebo:/home/matei/ur_yt_ws/install/ur5_keyboard_teleop:/opt/ros/humble /usr/bin/cmake /home/matei/ur_yt_ws/src/Universal_Robots_ROS2_Gazebo_Simulation/ur_simulation_gazebo -DAMENT_CMAKE_SYMLINK_INSTALL=1 -DCMAKE_INSTALL_PREFIX=/home/matei/ur_yt_ws/install/ur_simulation_gazebo
[1.004s] Level 1:colcon.colcon_core.shell:create_environment_hook('ur5_keyboard_teleop', 'pythonpath_develop')
[1.004s] INFO:colcon.colcon_core.shell:Creating environment hook '/home/matei/ur_yt_ws/build/ur5_keyboard_teleop/share/ur5_keyboard_teleop/hook/pythonpath_develop.ps1'
[1.004s] DEBUG:colcon.colcon_core.event_handler.log_command:Invoked command in '/home/matei/ur_yt_ws/build/ur5_keyboard_teleop' returned '0': PYTHONPATH=/home/matei/ur_yt_ws/build/ur5_keyboard_teleop/prefix_override:/usr/lib/python3/dist-packages/colcon_core/task/python/colcon_distutils_commands:/home/matei/ur_yt_ws/install/ur5_keyboard_teleop/lib/python3.10/site-packages:${PYTHONPATH} /usr/bin/python3 -W ignore:setup.py install is deprecated -W ignore:easy_install command is deprecated setup.py develop --editable --build-directory /home/matei/ur_yt_ws/build/ur5_keyboard_teleop/build --no-deps symlink_data --force
[1.005s] INFO:colcon.colcon_core.shell:Creating environment descriptor '/home/matei/ur_yt_ws/build/ur5_keyboard_teleop/share/ur5_keyboard_teleop/hook/pythonpath_develop.dsv'
[1.005s] INFO:colcon.colcon_core.shell:Creating environment hook '/home/matei/ur_yt_ws/build/ur5_keyboard_teleop/share/ur5_keyboard_teleop/hook/pythonpath_develop.sh'
[1.006s] Level 1:colcon.colcon_core.environment:checking '/home/matei/ur_yt_ws/install/ur5_keyboard_teleop' for CMake module files
[1.006s] Level 1:colcon.colcon_core.environment:checking '/home/matei/ur_yt_ws/install/ur5_keyboard_teleop' for CMake config files
[1.007s] Level 1:colcon.colcon_core.environment:checking '/home/matei/ur_yt_ws/install/ur5_keyboard_teleop/lib'
[1.007s] Level 1:colcon.colcon_core.environment:checking '/home/matei/ur_yt_ws/install/ur5_keyboard_teleop/bin'
[1.007s] Level 1:colcon.colcon_core.environment:checking '/home/matei/ur_yt_ws/install/ur5_keyboard_teleop/lib/pkgconfig/ur5_keyboard_teleop.pc'
[1.007s] Level 1:colcon.colcon_core.environment:checking '/home/matei/ur_yt_ws/install/ur5_keyboard_teleop/lib/python3.10/site-packages'
[1.007s] Level 1:colcon.colcon_core.shell:create_environment_hook('ur5_keyboard_teleop', 'pythonpath')
[1.007s] INFO:colcon.colcon_core.shell:Creating environment hook '/home/matei/ur_yt_ws/install/ur5_keyboard_teleop/share/ur5_keyboard_teleop/hook/pythonpath.ps1'
[1.008s] INFO:colcon.colcon_core.shell:Creating environment descriptor '/home/matei/ur_yt_ws/install/ur5_keyboard_teleop/share/ur5_keyboard_teleop/hook/pythonpath.dsv'
[1.008s] INFO:colcon.colcon_core.shell:Creating environment hook '/home/matei/ur_yt_ws/install/ur5_keyboard_teleop/share/ur5_keyboard_teleop/hook/pythonpath.sh'
[1.008s] Level 1:colcon.colcon_core.environment:checking '/home/matei/ur_yt_ws/install/ur5_keyboard_teleop/bin'
[1.008s] Level 1:colcon.colcon_core.environment:create_environment_scripts_only(ur5_keyboard_teleop)
[1.009s] INFO:colcon.colcon_core.shell:Creating package script '/home/matei/ur_yt_ws/install/ur5_keyboard_teleop/share/ur5_keyboard_teleop/package.ps1'
[1.009s] INFO:colcon.colcon_core.shell:Creating package descriptor '/home/matei/ur_yt_ws/install/ur5_keyboard_teleop/share/ur5_keyboard_teleop/package.dsv'
[1.009s] INFO:colcon.colcon_core.shell:Creating package script '/home/matei/ur_yt_ws/install/ur5_keyboard_teleop/share/ur5_keyboard_teleop/package.sh'
[1.010s] INFO:colcon.colcon_core.shell:Creating package script '/home/matei/ur_yt_ws/install/ur5_keyboard_teleop/share/ur5_keyboard_teleop/package.bash'
[1.010s] INFO:colcon.colcon_core.shell:Creating package script '/home/matei/ur_yt_ws/install/ur5_keyboard_teleop/share/ur5_keyboard_teleop/package.zsh'
[1.010s] Level 1:colcon.colcon_core.environment:create_file_with_runtime_dependencies(/home/matei/ur_yt_ws/install/ur5_keyboard_teleop/share/colcon-core/packages/ur5_keyboard_teleop)
[1.076s] DEBUG:colcon.colcon_core.event_handler.log_command:Invoked command in '/home/matei/ur_yt_ws/build/ur_simulation_gazebo' returned '0': CMAKE_PREFIX_PATH=/home/matei/ur_yt_ws/install/ur_description:/home/matei/ur_yt_ws/install/ur_simulation_gazebo:/home/matei/ur_yt_ws/install/ur5_keyboard_teleop:/opt/ros/humble /usr/bin/cmake /home/matei/ur_yt_ws/src/Universal_Robots_ROS2_Gazebo_Simulation/ur_simulation_gazebo -DAMENT_CMAKE_SYMLINK_INSTALL=1 -DCMAKE_INSTALL_PREFIX=/home/matei/ur_yt_ws/install/ur_simulation_gazebo
[1.077s] DEBUG:colcon.colcon_core.event_handler.log_command:Invoking command in '/home/matei/ur_yt_ws/build/ur_simulation_gazebo': CMAKE_PREFIX_PATH=/home/matei/ur_yt_ws/install/ur_description:/home/matei/ur_yt_ws/install/ur_simulation_gazebo:/home/matei/ur_yt_ws/install/ur5_keyboard_teleop:/opt/ros/humble /usr/bin/cmake --build /home/matei/ur_yt_ws/build/ur_simulation_gazebo -- -j12 -l12
[1.110s] DEBUG:colcon.colcon_core.event_handler.log_command:Invoked command in '/home/matei/ur_yt_ws/build/ur_simulation_gazebo' returned '0': CMAKE_PREFIX_PATH=/home/matei/ur_yt_ws/install/ur_description:/home/matei/ur_yt_ws/install/ur_simulation_gazebo:/home/matei/ur_yt_ws/install/ur5_keyboard_teleop:/opt/ros/humble /usr/bin/cmake --build /home/matei/ur_yt_ws/build/ur_simulation_gazebo -- -j12 -l12
[1.111s] DEBUG:colcon.colcon_core.event_handler.log_command:Invoking command in '/home/matei/ur_yt_ws/build/ur_simulation_gazebo': CMAKE_PREFIX_PATH=/home/matei/ur_yt_ws/install/ur_description:/home/matei/ur_yt_ws/install/ur_simulation_gazebo:/home/matei/ur_yt_ws/install/ur5_keyboard_teleop:/opt/ros/humble /usr/bin/cmake --install /home/matei/ur_yt_ws/build/ur_simulation_gazebo
[1.129s] Level 1:colcon.colcon_core.environment:create_environment_scripts_only(ur_simulation_gazebo)
[1.129s] DEBUG:colcon.colcon_core.event_handler.log_command:Invoked command in '/home/matei/ur_yt_ws/build/ur_simulation_gazebo' returned '0': CMAKE_PREFIX_PATH=/home/matei/ur_yt_ws/install/ur_description:/home/matei/ur_yt_ws/install/ur_simulation_gazebo:/home/matei/ur_yt_ws/install/ur5_keyboard_teleop:/opt/ros/humble /usr/bin/cmake --install /home/matei/ur_yt_ws/build/ur_simulation_gazebo
[1.129s] Level 1:colcon.colcon_core.environment:checking '/home/matei/ur_yt_ws/install/ur_simulation_gazebo' for CMake module files
[1.129s] Level 1:colcon.colcon_core.environment:checking '/home/matei/ur_yt_ws/install/ur_simulation_gazebo' for CMake config files
[1.130s] Level 1:colcon.colcon_core.shell:create_environment_hook('ur_simulation_gazebo', 'cmake_prefix_path')
[1.130s] INFO:colcon.colcon_core.shell:Creating environment hook '/home/matei/ur_yt_ws/install/ur_simulation_gazebo/share/ur_simulation_gazebo/hook/cmake_prefix_path.ps1'
[1.130s] INFO:colcon.colcon_core.shell:Creating environment descriptor '/home/matei/ur_yt_ws/install/ur_simulation_gazebo/share/ur_simulation_gazebo/hook/cmake_prefix_path.dsv'
[1.131s] INFO:colcon.colcon_core.shell:Creating environment hook '/home/matei/ur_yt_ws/install/ur_simulation_gazebo/share/ur_simulation_gazebo/hook/cmake_prefix_path.sh'
[1.131s] Level 1:colcon.colcon_core.environment:checking '/home/matei/ur_yt_ws/install/ur_simulation_gazebo/bin'
[1.131s] Level 1:colcon.colcon_core.environment:checking '/home/matei/ur_yt_ws/install/ur_simulation_gazebo/lib/pkgconfig/ur_simulation_gazebo.pc'
[1.132s] Level 1:colcon.colcon_core.environment:checking '/home/matei/ur_yt_ws/install/ur_simulation_gazebo/lib/python3.10/site-packages'
[1.132s] Level 1:colcon.colcon_core.environment:checking '/home/matei/ur_yt_ws/install/ur_simulation_gazebo/bin'
[1.132s] INFO:colcon.colcon_core.shell:Creating package script '/home/matei/ur_yt_ws/install/ur_simulation_gazebo/share/ur_simulation_gazebo/package.ps1'
[1.133s] INFO:colcon.colcon_core.shell:Creating package descriptor '/home/matei/ur_yt_ws/install/ur_simulation_gazebo/share/ur_simulation_gazebo/package.dsv'
[1.133s] INFO:colcon.colcon_core.shell:Creating package script '/home/matei/ur_yt_ws/install/ur_simulation_gazebo/share/ur_simulation_gazebo/package.sh'
[1.133s] INFO:colcon.colcon_core.shell:Creating package script '/home/matei/ur_yt_ws/install/ur_simulation_gazebo/share/ur_simulation_gazebo/package.bash'
[1.134s] INFO:colcon.colcon_core.shell:Creating package script '/home/matei/ur_yt_ws/install/ur_simulation_gazebo/share/ur_simulation_gazebo/package.zsh'
[1.134s] Level 1:colcon.colcon_core.environment:create_file_with_runtime_dependencies(/home/matei/ur_yt_ws/install/ur_simulation_gazebo/share/colcon-core/packages/ur_simulation_gazebo)
[1.135s] Level 1:colcon.colcon_core.environment:create_environment_scripts_only(ur_simulation_gazebo)
[1.135s] Level 1:colcon.colcon_core.environment:checking '/home/matei/ur_yt_ws/install/ur_simulation_gazebo' for CMake module files
[1.135s] Level 1:colcon.colcon_core.environment:checking '/home/matei/ur_yt_ws/install/ur_simulation_gazebo' for CMake config files
[1.136s] Level 1:colcon.colcon_core.shell:create_environment_hook('ur_simulation_gazebo', 'cmake_prefix_path')
[1.136s] INFO:colcon.colcon_core.shell:Creating environment hook '/home/matei/ur_yt_ws/install/ur_simulation_gazebo/share/ur_simulation_gazebo/hook/cmake_prefix_path.ps1'
[1.136s] INFO:colcon.colcon_core.shell:Creating environment descriptor '/home/matei/ur_yt_ws/install/ur_simulation_gazebo/share/ur_simulation_gazebo/hook/cmake_prefix_path.dsv'
[1.137s] INFO:colcon.colcon_core.shell:Creating environment hook '/home/matei/ur_yt_ws/install/ur_simulation_gazebo/share/ur_simulation_gazebo/hook/cmake_prefix_path.sh'
[1.137s] Level 1:colcon.colcon_core.environment:checking '/home/matei/ur_yt_ws/install/ur_simulation_gazebo/bin'
[1.137s] Level 1:colcon.colcon_core.environment:checking '/home/matei/ur_yt_ws/install/ur_simulation_gazebo/lib/pkgconfig/ur_simulation_gazebo.pc'
[1.137s] Level 1:colcon.colcon_core.environment:checking '/home/matei/ur_yt_ws/install/ur_simulation_gazebo/lib/python3.10/site-packages'
[1.138s] Level 1:colcon.colcon_core.environment:checking '/home/matei/ur_yt_ws/install/ur_simulation_gazebo/bin'
[1.138s] INFO:colcon.colcon_core.shell:Creating package script '/home/matei/ur_yt_ws/install/ur_simulation_gazebo/share/ur_simulation_gazebo/package.ps1'
[1.138s] INFO:colcon.colcon_core.shell:Creating package descriptor '/home/matei/ur_yt_ws/install/ur_simulation_gazebo/share/ur_simulation_gazebo/package.dsv'
[1.139s] INFO:colcon.colcon_core.shell:Creating package script '/home/matei/ur_yt_ws/install/ur_simulation_gazebo/share/ur_simulation_gazebo/package.sh'
[1.139s] INFO:colcon.colcon_core.shell:Creating package script '/home/matei/ur_yt_ws/install/ur_simulation_gazebo/share/ur_simulation_gazebo/package.bash'
[1.140s] INFO:colcon.colcon_core.shell:Creating package script '/home/matei/ur_yt_ws/install/ur_simulation_gazebo/share/ur_simulation_gazebo/package.zsh'
[1.140s] Level 1:colcon.colcon_core.environment:create_file_with_runtime_dependencies(/home/matei/ur_yt_ws/install/ur_simulation_gazebo/share/colcon-core/packages/ur_simulation_gazebo)
[1.141s] DEBUG:colcon.colcon_parallel_executor.executor.parallel:closing loop
[1.141s] DEBUG:colcon.colcon_parallel_executor.executor.parallel:loop closed
[1.141s] DEBUG:colcon.colcon_parallel_executor.executor.parallel:run_until_complete finished with '0'
[1.141s] DEBUG:colcon.colcon_core.event_reactor:joining thread
[1.144s] INFO:colcon.colcon_core.plugin_system:Skipping extension 'colcon_notification.desktop_notification.terminal_notifier': Not used on non-Darwin systems
[1.144s] INFO:colcon.colcon_core.plugin_system:Skipping extension 'colcon_notification.desktop_notification.win32': Not used on non-Windows systems
[1.144s] INFO:colcon.colcon_notification.desktop_notification:Sending desktop notification using 'notify2'
[1.154s] DEBUG:colcon.colcon_core.event_reactor:joined thread
[1.154s] INFO:colcon.colcon_core.shell:Creating prefix script '/home/matei/ur_yt_ws/install/local_setup.ps1'
[1.155s] INFO:colcon.colcon_core.shell:Creating prefix util module '/home/matei/ur_yt_ws/install/_local_setup_util_ps1.py'
[1.156s] INFO:colcon.colcon_core.shell:Creating prefix chain script '/home/matei/ur_yt_ws/install/setup.ps1'
[1.157s] INFO:colcon.colcon_core.shell:Creating prefix script '/home/matei/ur_yt_ws/install/local_setup.sh'
[1.157s] INFO:colcon.colcon_core.shell:Creating prefix util module '/home/matei/ur_yt_ws/install/_local_setup_util_sh.py'
[1.158s] INFO:colcon.colcon_core.shell:Creating prefix chain script '/home/matei/ur_yt_ws/install/setup.sh'
[1.159s] INFO:colcon.colcon_core.shell:Creating prefix script '/home/matei/ur_yt_ws/install/local_setup.bash'
[1.159s] INFO:colcon.colcon_core.shell:Creating prefix chain script '/home/matei/ur_yt_ws/install/setup.bash'
[1.160s] INFO:colcon.colcon_core.shell:Creating prefix script '/home/matei/ur_yt_ws/install/local_setup.zsh'
[1.161s] INFO:colcon.colcon_core.shell:Creating prefix chain script '/home/matei/ur_yt_ws/install/setup.zsh'
