[0.007s] Invoking command in '/home/matei/ur_yt_ws/build/ur_simulation_gazebo': CMAKE_PREFIX_PATH=/home/matei/ur_yt_ws/install/ur_description:/home/matei/ur_yt_ws/install/ur_simulation_gazebo:/home/matei/ur_yt_ws/install/ur5_keyboard_teleop:/opt/ros/humble /usr/bin/cmake /home/matei/ur_yt_ws/src/Universal_Robots_ROS2_Gazebo_Simulation/ur_simulation_gazebo -DAMENT_CMAKE_SYMLINK_INSTALL=1 -DCMAKE_INSTALL_PREFIX=/home/matei/ur_yt_ws/install/ur_simulation_gazebo
[0.051s] -- The C compiler identification is GNU 11.4.0
[0.099s] -- The CXX compiler identification is GNU 11.4.0
[0.107s] -- Detecting C compiler ABI info
[0.158s] -- Detecting C compiler ABI info - done
[0.165s] -- Check for working C compiler: /usr/bin/cc - skipped
[0.165s] -- Detecting C compile features
[0.166s] -- Detecting C compile features - done
[0.169s] -- Detecting CXX compiler ABI info
[0.237s] -- Detecting CXX compiler ABI info - done
[0.244s] -- Check for working CXX compiler: /usr/bin/c++ - skipped
[0.244s] -- Detecting CXX compile features
[0.244s] -- Detecting CXX compile features - done
[0.246s] -- Found ament_cmake: 1.3.12 (/opt/ros/humble/share/ament_cmake/cmake)
[0.346s] -- Found Python3: /usr/bin/python3 (found version "3.10.12") found components: Interpreter 
[0.387s] -- Override CMake install command with custom implementation using symlinks instead of copying resources
[0.424s] -- Found launch_testing_ament_cmake: 1.0.13 (/opt/ros/humble/share/launch_testing_ament_cmake/cmake)
[0.426s] -- Found python_cmake_module: 0.10.0 (/opt/ros/humble/share/python_cmake_module/cmake)
[0.444s] -- Found PythonInterp: /usr/bin/python3 (found suitable version "3.10.12", minimum required is "3.6") 
[0.458s] -- Found PythonLibs: /usr/lib/x86_64-linux-gnu/libpython3.10.so (found suitable version "3.10.12", minimum required is "3.5") 
[0.458s] -- Using PYTHON_EXECUTABLE: /usr/bin/python3
[0.458s] -- Using PYTHON_INCLUDE_DIRS: /usr/include/python3.10
[0.458s] -- Using PYTHON_LIBRARIES: /usr/lib/x86_64-linux-gnu/libpython3.10.so
[0.472s] -- Found PythonExtra: .so  
[0.474s] -- Found ament_cmake_pytest: 1.3.12 (/opt/ros/humble/share/ament_cmake_pytest/cmake)
[0.520s] -- Configuring done
[0.523s] -- Generating done
[0.525s] -- Build files have been written to: /home/matei/ur_yt_ws/build/ur_simulation_gazebo
[0.531s] Invoked command in '/home/matei/ur_yt_ws/build/ur_simulation_gazebo' returned '0': CMAKE_PREFIX_PATH=/home/matei/ur_yt_ws/install/ur_description:/home/matei/ur_yt_ws/install/ur_simulation_gazebo:/home/matei/ur_yt_ws/install/ur5_keyboard_teleop:/opt/ros/humble /usr/bin/cmake /home/matei/ur_yt_ws/src/Universal_Robots_ROS2_Gazebo_Simulation/ur_simulation_gazebo -DAMENT_CMAKE_SYMLINK_INSTALL=1 -DCMAKE_INSTALL_PREFIX=/home/matei/ur_yt_ws/install/ur_simulation_gazebo
[0.532s] Invoking command in '/home/matei/ur_yt_ws/build/ur_simulation_gazebo': CMAKE_PREFIX_PATH=/home/matei/ur_yt_ws/install/ur_description:/home/matei/ur_yt_ws/install/ur_simulation_gazebo:/home/matei/ur_yt_ws/install/ur5_keyboard_teleop:/opt/ros/humble /usr/bin/cmake --build /home/matei/ur_yt_ws/build/ur_simulation_gazebo -- -j12 -l12
[0.560s] Invoked command in '/home/matei/ur_yt_ws/build/ur_simulation_gazebo' returned '0': CMAKE_PREFIX_PATH=/home/matei/ur_yt_ws/install/ur_description:/home/matei/ur_yt_ws/install/ur_simulation_gazebo:/home/matei/ur_yt_ws/install/ur5_keyboard_teleop:/opt/ros/humble /usr/bin/cmake --build /home/matei/ur_yt_ws/build/ur_simulation_gazebo -- -j12 -l12
[0.561s] Invoking command in '/home/matei/ur_yt_ws/build/ur_simulation_gazebo': CMAKE_PREFIX_PATH=/home/matei/ur_yt_ws/install/ur_description:/home/matei/ur_yt_ws/install/ur_simulation_gazebo:/home/matei/ur_yt_ws/install/ur5_keyboard_teleop:/opt/ros/humble /usr/bin/cmake --install /home/matei/ur_yt_ws/build/ur_simulation_gazebo
[0.566s] -- Install configuration: ""
[0.566s] -- Execute custom install script
[0.567s] -- Symlinking: /home/matei/ur_yt_ws/install/ur_simulation_gazebo/share/ur_simulation_gazebo/config/ur_controllers.yaml
[0.573s] -- Symlinking: /home/matei/ur_yt_ws/install/ur_simulation_gazebo/share/ur_simulation_gazebo/launch/ur_sim_control.launch.py
[0.578s] -- Symlinking: /home/matei/ur_yt_ws/install/ur_simulation_gazebo/share/ur_simulation_gazebo/launch/ur_sim_moveit.launch.py
[0.586s] -- Symlinking: /home/matei/ur_yt_ws/install/ur_simulation_gazebo/share/ament_index/resource_index/package_run_dependencies/ur_simulation_gazebo
[0.593s] -- Symlinking: /home/matei/ur_yt_ws/install/ur_simulation_gazebo/share/ament_index/resource_index/parent_prefix_path/ur_simulation_gazebo
[0.601s] -- Symlinking: /home/matei/ur_yt_ws/install/ur_simulation_gazebo/share/ur_simulation_gazebo/environment/ament_prefix_path.sh
[0.607s] -- Symlinking: /home/matei/ur_yt_ws/install/ur_simulation_gazebo/share/ur_simulation_gazebo/environment/ament_prefix_path.dsv
[0.615s] -- Symlinking: /home/matei/ur_yt_ws/install/ur_simulation_gazebo/share/ur_simulation_gazebo/environment/path.sh
[0.622s] -- Symlinking: /home/matei/ur_yt_ws/install/ur_simulation_gazebo/share/ur_simulation_gazebo/environment/path.dsv
[0.628s] -- Symlinking: /home/matei/ur_yt_ws/install/ur_simulation_gazebo/share/ur_simulation_gazebo/local_setup.bash
[0.636s] -- Symlinking: /home/matei/ur_yt_ws/install/ur_simulation_gazebo/share/ur_simulation_gazebo/local_setup.sh
[0.642s] -- Symlinking: /home/matei/ur_yt_ws/install/ur_simulation_gazebo/share/ur_simulation_gazebo/local_setup.zsh
[0.648s] -- Symlinking: /home/matei/ur_yt_ws/install/ur_simulation_gazebo/share/ur_simulation_gazebo/local_setup.dsv
[0.653s] -- Symlinking: /home/matei/ur_yt_ws/install/ur_simulation_gazebo/share/ur_simulation_gazebo/package.dsv
[0.661s] -- Symlinking: /home/matei/ur_yt_ws/install/ur_simulation_gazebo/share/ament_index/resource_index/packages/ur_simulation_gazebo
[0.669s] -- Symlinking: /home/matei/ur_yt_ws/install/ur_simulation_gazebo/share/ur_simulation_gazebo/cmake/ur_simulation_gazeboConfig.cmake
[0.676s] -- Symlinking: /home/matei/ur_yt_ws/install/ur_simulation_gazebo/share/ur_simulation_gazebo/cmake/ur_simulation_gazeboConfig-version.cmake
[0.683s] -- Symlinking: /home/matei/ur_yt_ws/install/ur_simulation_gazebo/share/ur_simulation_gazebo/package.xml
[0.694s] Invoked command in '/home/matei/ur_yt_ws/build/ur_simulation_gazebo' returned '0': CMAKE_PREFIX_PATH=/home/matei/ur_yt_ws/install/ur_description:/home/matei/ur_yt_ws/install/ur_simulation_gazebo:/home/matei/ur_yt_ws/install/ur5_keyboard_teleop:/opt/ros/humble /usr/bin/cmake --install /home/matei/ur_yt_ws/build/ur_simulation_gazebo
