[0.006s] Invoking command in '/home/matei/ur_yt_ws/build/ur_simulation_gazebo': CMAKE_PREFIX_PATH=/home/matei/ur_yt_ws/install/ur_description:/home/matei/ur_yt_ws/install/ur_simulation_gazebo:/home/matei/ur_yt_ws/install/ur5_keyboard_teleop:/opt/ros/humble /usr/bin/cmake /home/matei/ur_yt_ws/src/Universal_Robots_ROS2_Gazebo_Simulation/ur_simulation_gazebo -DCMAKE_INSTALL_PREFIX=/home/matei/ur_yt_ws/install/ur_simulation_gazebo
[0.014s] -- Found ament_cmake: 1.3.12 (/opt/ros/humble/share/ament_cmake/cmake)
[0.095s] -- Override CMake install command with custom implementation using symlinks instead of copying resources
[0.101s] -- Found launch_testing_ament_cmake: 1.0.13 (/opt/ros/humble/share/launch_testing_ament_cmake/cmake)
[0.102s] -- Found python_cmake_module: 0.10.0 (/opt/ros/humble/share/python_cmake_module/cmake)
[0.119s] -- Using PYTHON_EXECUTABLE: /usr/bin/python3
[0.119s] -- Using PYTHON_INCLUDE_DIRS: /usr/include/python3.10
[0.119s] -- Using PYTHON_LIBRARIES: /usr/lib/x86_64-linux-gnu/libpython3.10.so
[0.120s] -- Found ament_cmake_pytest: 1.3.12 (/opt/ros/humble/share/ament_cmake_pytest/cmake)
[0.163s] -- Configuring done
[0.165s] -- Generating done
[0.166s] -- Build files have been written to: /home/matei/ur_yt_ws/build/ur_simulation_gazebo
[0.169s] Invoked command in '/home/matei/ur_yt_ws/build/ur_simulation_gazebo' returned '0': CMAKE_PREFIX_PATH=/home/matei/ur_yt_ws/install/ur_description:/home/matei/ur_yt_ws/install/ur_simulation_gazebo:/home/matei/ur_yt_ws/install/ur5_keyboard_teleop:/opt/ros/humble /usr/bin/cmake /home/matei/ur_yt_ws/src/Universal_Robots_ROS2_Gazebo_Simulation/ur_simulation_gazebo -DCMAKE_INSTALL_PREFIX=/home/matei/ur_yt_ws/install/ur_simulation_gazebo
[0.170s] Invoking command in '/home/matei/ur_yt_ws/build/ur_simulation_gazebo': CMAKE_PREFIX_PATH=/home/matei/ur_yt_ws/install/ur_description:/home/matei/ur_yt_ws/install/ur_simulation_gazebo:/home/matei/ur_yt_ws/install/ur5_keyboard_teleop:/opt/ros/humble /usr/bin/cmake --build /home/matei/ur_yt_ws/build/ur_simulation_gazebo -- -j12 -l12
[0.199s] Invoked command in '/home/matei/ur_yt_ws/build/ur_simulation_gazebo' returned '0': CMAKE_PREFIX_PATH=/home/matei/ur_yt_ws/install/ur_description:/home/matei/ur_yt_ws/install/ur_simulation_gazebo:/home/matei/ur_yt_ws/install/ur5_keyboard_teleop:/opt/ros/humble /usr/bin/cmake --build /home/matei/ur_yt_ws/build/ur_simulation_gazebo -- -j12 -l12
[0.200s] Invoking command in '/home/matei/ur_yt_ws/build/ur_simulation_gazebo': CMAKE_PREFIX_PATH=/home/matei/ur_yt_ws/install/ur_description:/home/matei/ur_yt_ws/install/ur_simulation_gazebo:/home/matei/ur_yt_ws/install/ur5_keyboard_teleop:/opt/ros/humble /usr/bin/cmake --install /home/matei/ur_yt_ws/build/ur_simulation_gazebo
[0.206s] -- Install configuration: ""
[0.206s] -- Execute custom install script
[0.207s] -- Up-to-date symlink: /home/matei/ur_yt_ws/install/ur_simulation_gazebo/share/ur_simulation_gazebo/config/ur_controllers.yaml
[0.207s] -- Up-to-date symlink: /home/matei/ur_yt_ws/install/ur_simulation_gazebo/share/ur_simulation_gazebo/launch/ur_sim_control.launch.py
[0.207s] -- Up-to-date symlink: /home/matei/ur_yt_ws/install/ur_simulation_gazebo/share/ur_simulation_gazebo/launch/ur_sim_moveit.launch.py
[0.207s] -- Up-to-date symlink: /home/matei/ur_yt_ws/install/ur_simulation_gazebo/share/ament_index/resource_index/package_run_dependencies/ur_simulation_gazebo
[0.207s] -- Up-to-date symlink: /home/matei/ur_yt_ws/install/ur_simulation_gazebo/share/ament_index/resource_index/parent_prefix_path/ur_simulation_gazebo
[0.207s] -- Up-to-date symlink: /home/matei/ur_yt_ws/install/ur_simulation_gazebo/share/ur_simulation_gazebo/environment/ament_prefix_path.sh
[0.208s] -- Up-to-date symlink: /home/matei/ur_yt_ws/install/ur_simulation_gazebo/share/ur_simulation_gazebo/environment/ament_prefix_path.dsv
[0.208s] -- Up-to-date symlink: /home/matei/ur_yt_ws/install/ur_simulation_gazebo/share/ur_simulation_gazebo/environment/path.sh
[0.208s] -- Up-to-date symlink: /home/matei/ur_yt_ws/install/ur_simulation_gazebo/share/ur_simulation_gazebo/environment/path.dsv
[0.208s] -- Up-to-date symlink: /home/matei/ur_yt_ws/install/ur_simulation_gazebo/share/ur_simulation_gazebo/local_setup.bash
[0.208s] -- Up-to-date symlink: /home/matei/ur_yt_ws/install/ur_simulation_gazebo/share/ur_simulation_gazebo/local_setup.sh
[0.208s] -- Up-to-date symlink: /home/matei/ur_yt_ws/install/ur_simulation_gazebo/share/ur_simulation_gazebo/local_setup.zsh
[0.208s] -- Up-to-date symlink: /home/matei/ur_yt_ws/install/ur_simulation_gazebo/share/ur_simulation_gazebo/local_setup.dsv
[0.208s] -- Symlinking: /home/matei/ur_yt_ws/install/ur_simulation_gazebo/share/ur_simulation_gazebo/package.dsv
[0.215s] -- Up-to-date symlink: /home/matei/ur_yt_ws/install/ur_simulation_gazebo/share/ament_index/resource_index/packages/ur_simulation_gazebo
[0.215s] -- Up-to-date symlink: /home/matei/ur_yt_ws/install/ur_simulation_gazebo/share/ur_simulation_gazebo/cmake/ur_simulation_gazeboConfig.cmake
[0.216s] -- Up-to-date symlink: /home/matei/ur_yt_ws/install/ur_simulation_gazebo/share/ur_simulation_gazebo/cmake/ur_simulation_gazeboConfig-version.cmake
[0.216s] -- Up-to-date symlink: /home/matei/ur_yt_ws/install/ur_simulation_gazebo/share/ur_simulation_gazebo/package.xml
[0.217s] Invoked command in '/home/matei/ur_yt_ws/build/ur_simulation_gazebo' returned '0': CMAKE_PREFIX_PATH=/home/matei/ur_yt_ws/install/ur_description:/home/matei/ur_yt_ws/install/ur_simulation_gazebo:/home/matei/ur_yt_ws/install/ur5_keyboard_teleop:/opt/ros/humble /usr/bin/cmake --install /home/matei/ur_yt_ws/build/ur_simulation_gazebo
