[0.005s] Invoking command in '/home/matei/ur_yt_ws/build/ur_description': /usr/bin/cmake /home/matei/ur_yt_ws/src/Universal_Robots_ROS2_Description -DCMAKE_INSTALL_PREFIX=/home/matei/ur_yt_ws/install/ur_description
[0.046s] -- The C compiler identification is GNU 11.4.0
[0.088s] -- The CXX compiler identification is GNU 11.4.0
[0.095s] -- Detecting C compiler ABI info
[0.151s] -- Detecting C compiler ABI info - done
[0.156s] -- Check for working C compiler: /usr/bin/cc - skipped
[0.156s] -- Detecting C compile features
[0.156s] -- Detecting C compile features - done
[0.158s] -- Detecting CXX compiler ABI info
[0.220s] -- Detecting CXX compiler ABI info - done
[0.225s] -- Check for working CXX compiler: /usr/bin/c++ - skipped
[0.225s] -- Detecting CXX compile features
[0.225s] -- Detecting CXX compile features - done
[0.234s] [31mCMake Error at CMakeLists.txt:4 (find_package):
[0.234s]   By not providing "Findament_cmake.cmake" in CMAKE_MODULE_PATH this project
[0.234s]   has asked CMake to find a package configuration file provided by
[0.234s]   "ament_cmake", but CMake did not find one.
[0.234s] 
[0.234s]   Could not find a package configuration file provided by "ament_cmake" with
[0.234s]   any of the following names:
[0.234s] 
[0.234s]     ament_cmakeConfig.cmake
[0.234s]     ament_cmake-config.cmake
[0.235s] 
[0.235s]   Add the installation prefix of "ament_cmake" to CMAKE_PREFIX_PATH or set
[0.235s]   "ament_cmake_DIR" to a directory containing one of the above files.  If
[0.235s]   "ament_cmake" provides a separate development package or SDK, be sure it
[0.235s]   has been installed.
[0.235s] 
[0.235s] [0m
[0.235s] -- Configuring incomplete, errors occurred!
[0.235s] See also "/home/matei/ur_yt_ws/build/ur_description/CMakeFiles/CMakeOutput.log".
[0.237s] Invoked command in '/home/matei/ur_yt_ws/build/ur_description' returned '1': /usr/bin/cmake /home/matei/ur_yt_ws/src/Universal_Robots_ROS2_Description -DCMAKE_INSTALL_PREFIX=/home/matei/ur_yt_ws/install/ur_description
