[0.063s] DEBUG:colcon:Command line arguments: ['/usr/bin/colcon', 'build']
[0.063s] DEBUG:colcon:Parsed command line arguments: Namespace(log_base=None, log_level=None, verb_name='build', build_base='build', install_base='install', merge_install=False, symlink_install=False, test_result_base=None, continue_on_error=False, executor='parallel', parallel_workers=12, event_handlers=None, ignore_user_meta=False, metas=['./colcon.meta'], base_paths=['.'], packages_ignore=None, packages_ignore_regex=None, paths=None, packages_up_to=None, packages_up_to_regex=None, packages_above=None, packages_above_and_dependencies=None, packages_above_depth=None, packages_select_by_dep=None, packages_skip_by_dep=None, packages_skip_up_to=None, packages_select_build_failed=False, packages_skip_build_finished=False, packages_select_test_failures=False, packages_skip_test_passed=False, packages_select=None, packages_skip=None, packages_select_regex=None, packages_skip_regex=None, packages_start=None, packages_end=None, allow_overriding=[], cmake_args=None, cmake_target=None, cmake_target_skip_unavailable=False, cmake_clean_cache=False, cmake_clean_first=False, cmake_force_configure=False, ament_cmake_args=None, catkin_cmake_args=None, catkin_skip_building_tests=False, mixin_files=None, mixin=None, verb_parser=<colcon_mixin.mixin.mixin_argument.MixinArgumentDecorator object at 0x73ef212d4df0>, verb_extension=<colcon_core.verb.build.BuildVerb object at 0x73ef212d48e0>, main=<bound method BuildVerb.main of <colcon_core.verb.build.BuildVerb object at 0x73ef212d48e0>>, mixin_verb=('build',))
[0.144s] Level 1:colcon.colcon_core.package_discovery:discover_packages(colcon_meta) check parameters
[0.144s] Level 1:colcon.colcon_core.package_discovery:discover_packages(recursive) check parameters
[0.144s] Level 1:colcon.colcon_core.package_discovery:discover_packages(ignore) check parameters
[0.144s] Level 1:colcon.colcon_core.package_discovery:discover_packages(path) check parameters
[0.144s] Level 1:colcon.colcon_core.package_discovery:discover_packages(colcon_meta) discover
[0.144s] Level 1:colcon.colcon_core.package_discovery:discover_packages(recursive) discover
[0.144s] INFO:colcon.colcon_core.package_discovery:Crawling recursively for packages in '/home/matei/ur_yt_ws'
[0.144s] Level 1:colcon.colcon_core.package_identification:_identify(.) by extensions ['ignore', 'ignore_ament_install']
[0.144s] Level 1:colcon.colcon_core.package_identification:_identify(.) by extension 'ignore'
[0.144s] Level 1:colcon.colcon_core.package_identification:_identify(.) by extension 'ignore_ament_install'
[0.144s] Level 1:colcon.colcon_core.package_identification:_identify(.) by extensions ['colcon_pkg']
[0.145s] Level 1:colcon.colcon_core.package_identification:_identify(.) by extension 'colcon_pkg'
[0.145s] Level 1:colcon.colcon_core.package_identification:_identify(.) by extensions ['colcon_meta']
[0.145s] Level 1:colcon.colcon_core.package_identification:_identify(.) by extension 'colcon_meta'
[0.145s] Level 1:colcon.colcon_core.package_identification:_identify(.) by extensions ['ros']
[0.145s] Level 1:colcon.colcon_core.package_identification:_identify(.) by extension 'ros'
[0.151s] Level 1:colcon.colcon_core.package_identification:_identify(.) by extensions ['cmake', 'python']
[0.151s] Level 1:colcon.colcon_core.package_identification:_identify(.) by extension 'cmake'
[0.151s] Level 1:colcon.colcon_core.package_identification:_identify(.) by extension 'python'
[0.151s] Level 1:colcon.colcon_core.package_identification:_identify(.) by extensions ['python_setup_py']
[0.151s] Level 1:colcon.colcon_core.package_identification:_identify(.) by extension 'python_setup_py'
[0.151s] Level 1:colcon.colcon_core.package_identification:_identify(build) by extensions ['ignore', 'ignore_ament_install']
[0.151s] Level 1:colcon.colcon_core.package_identification:_identify(build) by extension 'ignore'
[0.151s] Level 1:colcon.colcon_core.package_identification:_identify(build) ignored
[0.152s] Level 1:colcon.colcon_core.package_identification:_identify(install) by extensions ['ignore', 'ignore_ament_install']
[0.152s] Level 1:colcon.colcon_core.package_identification:_identify(install) by extension 'ignore'
[0.152s] Level 1:colcon.colcon_core.package_identification:_identify(install) ignored
[0.152s] Level 1:colcon.colcon_core.package_identification:_identify(log) by extensions ['ignore', 'ignore_ament_install']
[0.152s] Level 1:colcon.colcon_core.package_identification:_identify(log) by extension 'ignore'
[0.152s] Level 1:colcon.colcon_core.package_identification:_identify(log) ignored
[0.152s] Level 1:colcon.colcon_core.package_identification:_identify(src) by extensions ['ignore', 'ignore_ament_install']
[0.152s] Level 1:colcon.colcon_core.package_identification:_identify(src) by extension 'ignore'
[0.152s] Level 1:colcon.colcon_core.package_identification:_identify(src) by extension 'ignore_ament_install'
[0.152s] Level 1:colcon.colcon_core.package_identification:_identify(src) by extensions ['colcon_pkg']
[0.152s] Level 1:colcon.colcon_core.package_identification:_identify(src) by extension 'colcon_pkg'
[0.152s] Level 1:colcon.colcon_core.package_identification:_identify(src) by extensions ['colcon_meta']
[0.152s] Level 1:colcon.colcon_core.package_identification:_identify(src) by extension 'colcon_meta'
[0.152s] Level 1:colcon.colcon_core.package_identification:_identify(src) by extensions ['ros']
[0.152s] Level 1:colcon.colcon_core.package_identification:_identify(src) by extension 'ros'
[0.152s] Level 1:colcon.colcon_core.package_identification:_identify(src) by extensions ['cmake', 'python']
[0.152s] Level 1:colcon.colcon_core.package_identification:_identify(src) by extension 'cmake'
[0.152s] Level 1:colcon.colcon_core.package_identification:_identify(src) by extension 'python'
[0.152s] Level 1:colcon.colcon_core.package_identification:_identify(src) by extensions ['python_setup_py']
[0.152s] Level 1:colcon.colcon_core.package_identification:_identify(src) by extension 'python_setup_py'
[0.152s] Level 1:colcon.colcon_core.package_identification:_identify(src/Universal_Robots_ROS2_Description) by extensions ['ignore', 'ignore_ament_install']
[0.152s] Level 1:colcon.colcon_core.package_identification:_identify(src/Universal_Robots_ROS2_Description) by extension 'ignore'
[0.152s] Level 1:colcon.colcon_core.package_identification:_identify(src/Universal_Robots_ROS2_Description) by extension 'ignore_ament_install'
[0.152s] Level 1:colcon.colcon_core.package_identification:_identify(src/Universal_Robots_ROS2_Description) by extensions ['colcon_pkg']
[0.152s] Level 1:colcon.colcon_core.package_identification:_identify(src/Universal_Robots_ROS2_Description) by extension 'colcon_pkg'
[0.153s] Level 1:colcon.colcon_core.package_identification:_identify(src/Universal_Robots_ROS2_Description) by extensions ['colcon_meta']
[0.153s] Level 1:colcon.colcon_core.package_identification:_identify(src/Universal_Robots_ROS2_Description) by extension 'colcon_meta'
[0.153s] Level 1:colcon.colcon_core.package_identification:_identify(src/Universal_Robots_ROS2_Description) by extensions ['ros']
[0.153s] Level 1:colcon.colcon_core.package_identification:_identify(src/Universal_Robots_ROS2_Description) by extension 'ros'
[0.155s] DEBUG:colcon.colcon_core.package_identification:Package 'src/Universal_Robots_ROS2_Description' with type 'ros.ament_cmake' and name 'ur_description'
[0.155s] Level 1:colcon.colcon_core.package_identification:_identify(src/Universal_Robots_ROS2_Gazebo_Simulation) by extensions ['ignore', 'ignore_ament_install']
[0.155s] Level 1:colcon.colcon_core.package_identification:_identify(src/Universal_Robots_ROS2_Gazebo_Simulation) by extension 'ignore'
[0.155s] Level 1:colcon.colcon_core.package_identification:_identify(src/Universal_Robots_ROS2_Gazebo_Simulation) by extension 'ignore_ament_install'
[0.155s] Level 1:colcon.colcon_core.package_identification:_identify(src/Universal_Robots_ROS2_Gazebo_Simulation) by extensions ['colcon_pkg']
[0.155s] Level 1:colcon.colcon_core.package_identification:_identify(src/Universal_Robots_ROS2_Gazebo_Simulation) by extension 'colcon_pkg'
[0.155s] Level 1:colcon.colcon_core.package_identification:_identify(src/Universal_Robots_ROS2_Gazebo_Simulation) by extensions ['colcon_meta']
[0.155s] Level 1:colcon.colcon_core.package_identification:_identify(src/Universal_Robots_ROS2_Gazebo_Simulation) by extension 'colcon_meta'
[0.155s] Level 1:colcon.colcon_core.package_identification:_identify(src/Universal_Robots_ROS2_Gazebo_Simulation) by extensions ['ros']
[0.155s] Level 1:colcon.colcon_core.package_identification:_identify(src/Universal_Robots_ROS2_Gazebo_Simulation) by extension 'ros'
[0.155s] Level 1:colcon.colcon_core.package_identification:_identify(src/Universal_Robots_ROS2_Gazebo_Simulation) by extensions ['cmake', 'python']
[0.155s] Level 1:colcon.colcon_core.package_identification:_identify(src/Universal_Robots_ROS2_Gazebo_Simulation) by extension 'cmake'
[0.155s] Level 1:colcon.colcon_core.package_identification:_identify(src/Universal_Robots_ROS2_Gazebo_Simulation) by extension 'python'
[0.155s] Level 1:colcon.colcon_core.package_identification:_identify(src/Universal_Robots_ROS2_Gazebo_Simulation) by extensions ['python_setup_py']
[0.155s] Level 1:colcon.colcon_core.package_identification:_identify(src/Universal_Robots_ROS2_Gazebo_Simulation) by extension 'python_setup_py'
[0.155s] Level 1:colcon.colcon_core.package_identification:_identify(src/Universal_Robots_ROS2_Gazebo_Simulation/ur_simulation_gazebo) by extensions ['ignore', 'ignore_ament_install']
[0.155s] Level 1:colcon.colcon_core.package_identification:_identify(src/Universal_Robots_ROS2_Gazebo_Simulation/ur_simulation_gazebo) by extension 'ignore'
[0.155s] Level 1:colcon.colcon_core.package_identification:_identify(src/Universal_Robots_ROS2_Gazebo_Simulation/ur_simulation_gazebo) by extension 'ignore_ament_install'
[0.155s] Level 1:colcon.colcon_core.package_identification:_identify(src/Universal_Robots_ROS2_Gazebo_Simulation/ur_simulation_gazebo) by extensions ['colcon_pkg']
[0.155s] Level 1:colcon.colcon_core.package_identification:_identify(src/Universal_Robots_ROS2_Gazebo_Simulation/ur_simulation_gazebo) by extension 'colcon_pkg'
[0.155s] Level 1:colcon.colcon_core.package_identification:_identify(src/Universal_Robots_ROS2_Gazebo_Simulation/ur_simulation_gazebo) by extensions ['colcon_meta']
[0.156s] Level 1:colcon.colcon_core.package_identification:_identify(src/Universal_Robots_ROS2_Gazebo_Simulation/ur_simulation_gazebo) by extension 'colcon_meta'
[0.156s] Level 1:colcon.colcon_core.package_identification:_identify(src/Universal_Robots_ROS2_Gazebo_Simulation/ur_simulation_gazebo) by extensions ['ros']
[0.156s] Level 1:colcon.colcon_core.package_identification:_identify(src/Universal_Robots_ROS2_Gazebo_Simulation/ur_simulation_gazebo) by extension 'ros'
[0.156s] DEBUG:colcon.colcon_core.package_identification:Package 'src/Universal_Robots_ROS2_Gazebo_Simulation/ur_simulation_gazebo' with type 'ros.ament_cmake' and name 'ur_simulation_gazebo'
[0.156s] Level 1:colcon.colcon_core.package_identification:_identify(src/build) by extensions ['ignore', 'ignore_ament_install']
[0.156s] Level 1:colcon.colcon_core.package_identification:_identify(src/build) by extension 'ignore'
[0.156s] Level 1:colcon.colcon_core.package_identification:_identify(src/build) ignored
[0.156s] Level 1:colcon.colcon_core.package_identification:_identify(src/install) by extensions ['ignore', 'ignore_ament_install']
[0.156s] Level 1:colcon.colcon_core.package_identification:_identify(src/install) by extension 'ignore'
[0.156s] Level 1:colcon.colcon_core.package_identification:_identify(src/install) ignored
[0.156s] Level 1:colcon.colcon_core.package_identification:_identify(src/log) by extensions ['ignore', 'ignore_ament_install']
[0.156s] Level 1:colcon.colcon_core.package_identification:_identify(src/log) by extension 'ignore'
[0.156s] Level 1:colcon.colcon_core.package_identification:_identify(src/log) ignored
[0.156s] Level 1:colcon.colcon_core.package_discovery:discover_packages(recursive) using defaults
[0.157s] Level 1:colcon.colcon_core.package_discovery:discover_packages(ignore) discover
[0.157s] Level 1:colcon.colcon_core.package_discovery:discover_packages(ignore) using defaults
[0.157s] Level 1:colcon.colcon_core.package_discovery:discover_packages(path) discover
[0.157s] Level 1:colcon.colcon_core.package_discovery:discover_packages(path) using defaults
[0.168s] Level 1:colcon.colcon_core.package_discovery:discover_packages(prefix_path) check parameters
[0.169s] Level 1:colcon.colcon_core.package_discovery:discover_packages(prefix_path) discover
[0.169s] Level 1:colcon.colcon_core.package_discovery:discover_packages(prefix_path) using defaults
[0.170s] Level 5:colcon.colcon_core.verb:set package 'ur_description' build argument 'cmake_args' from command line to 'None'
[0.170s] Level 5:colcon.colcon_core.verb:set package 'ur_description' build argument 'cmake_target' from command line to 'None'
[0.170s] Level 5:colcon.colcon_core.verb:set package 'ur_description' build argument 'cmake_target_skip_unavailable' from command line to 'False'
[0.170s] Level 5:colcon.colcon_core.verb:set package 'ur_description' build argument 'cmake_clean_cache' from command line to 'False'
[0.170s] Level 5:colcon.colcon_core.verb:set package 'ur_description' build argument 'cmake_clean_first' from command line to 'False'
[0.170s] Level 5:colcon.colcon_core.verb:set package 'ur_description' build argument 'cmake_force_configure' from command line to 'False'
[0.170s] Level 5:colcon.colcon_core.verb:set package 'ur_description' build argument 'ament_cmake_args' from command line to 'None'
[0.170s] Level 5:colcon.colcon_core.verb:set package 'ur_description' build argument 'catkin_cmake_args' from command line to 'None'
[0.170s] Level 5:colcon.colcon_core.verb:set package 'ur_description' build argument 'catkin_skip_building_tests' from command line to 'False'
[0.170s] DEBUG:colcon.colcon_core.verb:Building package 'ur_description' with the following arguments: {'ament_cmake_args': None, 'build_base': '/home/matei/ur_yt_ws/build/ur_description', 'catkin_cmake_args': None, 'catkin_skip_building_tests': False, 'cmake_args': None, 'cmake_clean_cache': False, 'cmake_clean_first': False, 'cmake_force_configure': False, 'cmake_target': None, 'cmake_target_skip_unavailable': False, 'install_base': '/home/matei/ur_yt_ws/install/ur_description', 'merge_install': False, 'path': '/home/matei/ur_yt_ws/src/Universal_Robots_ROS2_Description', 'symlink_install': False, 'test_result_base': None}
[0.170s] Level 5:colcon.colcon_core.verb:set package 'ur_simulation_gazebo' build argument 'cmake_args' from command line to 'None'
[0.170s] Level 5:colcon.colcon_core.verb:set package 'ur_simulation_gazebo' build argument 'cmake_target' from command line to 'None'
[0.170s] Level 5:colcon.colcon_core.verb:set package 'ur_simulation_gazebo' build argument 'cmake_target_skip_unavailable' from command line to 'False'
[0.170s] Level 5:colcon.colcon_core.verb:set package 'ur_simulation_gazebo' build argument 'cmake_clean_cache' from command line to 'False'
[0.170s] Level 5:colcon.colcon_core.verb:set package 'ur_simulation_gazebo' build argument 'cmake_clean_first' from command line to 'False'
[0.170s] Level 5:colcon.colcon_core.verb:set package 'ur_simulation_gazebo' build argument 'cmake_force_configure' from command line to 'False'
[0.170s] Level 5:colcon.colcon_core.verb:set package 'ur_simulation_gazebo' build argument 'ament_cmake_args' from command line to 'None'
[0.170s] Level 5:colcon.colcon_core.verb:set package 'ur_simulation_gazebo' build argument 'catkin_cmake_args' from command line to 'None'
[0.170s] Level 5:colcon.colcon_core.verb:set package 'ur_simulation_gazebo' build argument 'catkin_skip_building_tests' from command line to 'False'
[0.170s] DEBUG:colcon.colcon_core.verb:Building package 'ur_simulation_gazebo' with the following arguments: {'ament_cmake_args': None, 'build_base': '/home/matei/ur_yt_ws/build/ur_simulation_gazebo', 'catkin_cmake_args': None, 'catkin_skip_building_tests': False, 'cmake_args': None, 'cmake_clean_cache': False, 'cmake_clean_first': False, 'cmake_force_configure': False, 'cmake_target': None, 'cmake_target_skip_unavailable': False, 'install_base': '/home/matei/ur_yt_ws/install/ur_simulation_gazebo', 'merge_install': False, 'path': '/home/matei/ur_yt_ws/src/Universal_Robots_ROS2_Gazebo_Simulation/ur_simulation_gazebo', 'symlink_install': False, 'test_result_base': None}
[0.170s] INFO:colcon.colcon_core.executor:Executing jobs using 'parallel' executor
[0.171s] DEBUG:colcon.colcon_parallel_executor.executor.parallel:run_until_complete
[0.171s] INFO:colcon.colcon_ros.task.ament_cmake.build:Building ROS package in '/home/matei/ur_yt_ws/src/Universal_Robots_ROS2_Description' with build type 'ament_cmake'
[0.171s] INFO:colcon.colcon_cmake.task.cmake.build:Building CMake package in '/home/matei/ur_yt_ws/src/Universal_Robots_ROS2_Description'
[0.172s] INFO:colcon.colcon_core.plugin_system:Skipping extension 'colcon_core.shell.bat': Not used on non-Windows systems
[0.172s] INFO:colcon.colcon_core.shell:Skip shell extension 'powershell' for command environment: Not usable outside of PowerShell
[0.173s] DEBUG:colcon.colcon_core.shell:Skip shell extension 'dsv' for command environment
[0.177s] DEBUG:colcon.colcon_core.event_handler.log_command:Invoking command in '/home/matei/ur_yt_ws/build/ur_description': /usr/bin/cmake --build /home/matei/ur_yt_ws/build/ur_description -- -j12 -l12
[0.204s] DEBUG:colcon.colcon_core.event_handler.log_command:Invoked command in '/home/matei/ur_yt_ws/build/ur_description' returned '0': /usr/bin/cmake --build /home/matei/ur_yt_ws/build/ur_description -- -j12 -l12
[0.213s] DEBUG:colcon.colcon_core.event_handler.log_command:Invoking command in '/home/matei/ur_yt_ws/build/ur_description': /usr/bin/cmake --install /home/matei/ur_yt_ws/build/ur_description
[0.225s] Level 1:colcon.colcon_core.environment:create_environment_scripts_only(ur_description)
[0.233s] DEBUG:colcon.colcon_core.event_handler.log_command:Invoked command in '/home/matei/ur_yt_ws/build/ur_description' returned '0': /usr/bin/cmake --install /home/matei/ur_yt_ws/build/ur_description
[0.234s] Level 1:colcon.colcon_core.environment:checking '/home/matei/ur_yt_ws/install/ur_description' for CMake module files
[0.234s] Level 1:colcon.colcon_core.environment:checking '/home/matei/ur_yt_ws/install/ur_description' for CMake config files
[0.235s] Level 1:colcon.colcon_core.shell:create_environment_hook('ur_description', 'cmake_prefix_path')
[0.235s] INFO:colcon.colcon_core.shell:Creating environment hook '/home/matei/ur_yt_ws/install/ur_description/share/ur_description/hook/cmake_prefix_path.ps1'
[0.235s] INFO:colcon.colcon_core.shell:Creating environment descriptor '/home/matei/ur_yt_ws/install/ur_description/share/ur_description/hook/cmake_prefix_path.dsv'
[0.236s] INFO:colcon.colcon_core.shell:Creating environment hook '/home/matei/ur_yt_ws/install/ur_description/share/ur_description/hook/cmake_prefix_path.sh'
[0.236s] Level 1:colcon.colcon_core.environment:checking '/home/matei/ur_yt_ws/install/ur_description/bin'
[0.236s] Level 1:colcon.colcon_core.environment:checking '/home/matei/ur_yt_ws/install/ur_description/lib/pkgconfig/ur_description.pc'
[0.237s] Level 1:colcon.colcon_core.environment:checking '/home/matei/ur_yt_ws/install/ur_description/lib/python3.10/site-packages'
[0.238s] Level 1:colcon.colcon_core.environment:checking '/home/matei/ur_yt_ws/install/ur_description/bin'
[0.238s] INFO:colcon.colcon_core.shell:Creating package script '/home/matei/ur_yt_ws/install/ur_description/share/ur_description/package.ps1'
[0.238s] INFO:colcon.colcon_core.shell:Creating package descriptor '/home/matei/ur_yt_ws/install/ur_description/share/ur_description/package.dsv'
[0.239s] INFO:colcon.colcon_core.shell:Creating package script '/home/matei/ur_yt_ws/install/ur_description/share/ur_description/package.sh'
[0.239s] INFO:colcon.colcon_core.shell:Creating package script '/home/matei/ur_yt_ws/install/ur_description/share/ur_description/package.bash'
[0.240s] INFO:colcon.colcon_core.shell:Creating package script '/home/matei/ur_yt_ws/install/ur_description/share/ur_description/package.zsh'
[0.240s] Level 1:colcon.colcon_core.environment:create_file_with_runtime_dependencies(/home/matei/ur_yt_ws/install/ur_description/share/colcon-core/packages/ur_description)
[0.241s] Level 1:colcon.colcon_core.environment:create_environment_scripts_only(ur_description)
[0.241s] Level 1:colcon.colcon_core.environment:checking '/home/matei/ur_yt_ws/install/ur_description' for CMake module files
[0.241s] Level 1:colcon.colcon_core.environment:checking '/home/matei/ur_yt_ws/install/ur_description' for CMake config files
[0.242s] Level 1:colcon.colcon_core.shell:create_environment_hook('ur_description', 'cmake_prefix_path')
[0.242s] INFO:colcon.colcon_core.shell:Creating environment hook '/home/matei/ur_yt_ws/install/ur_description/share/ur_description/hook/cmake_prefix_path.ps1'
[0.242s] INFO:colcon.colcon_core.shell:Creating environment descriptor '/home/matei/ur_yt_ws/install/ur_description/share/ur_description/hook/cmake_prefix_path.dsv'
[0.243s] INFO:colcon.colcon_core.shell:Creating environment hook '/home/matei/ur_yt_ws/install/ur_description/share/ur_description/hook/cmake_prefix_path.sh'
[0.243s] Level 1:colcon.colcon_core.environment:checking '/home/matei/ur_yt_ws/install/ur_description/bin'
[0.243s] Level 1:colcon.colcon_core.environment:checking '/home/matei/ur_yt_ws/install/ur_description/lib/pkgconfig/ur_description.pc'
[0.243s] Level 1:colcon.colcon_core.environment:checking '/home/matei/ur_yt_ws/install/ur_description/lib/python3.10/site-packages'
[0.243s] Level 1:colcon.colcon_core.environment:checking '/home/matei/ur_yt_ws/install/ur_description/bin'
[0.243s] INFO:colcon.colcon_core.shell:Creating package script '/home/matei/ur_yt_ws/install/ur_description/share/ur_description/package.ps1'
[0.244s] INFO:colcon.colcon_core.shell:Creating package descriptor '/home/matei/ur_yt_ws/install/ur_description/share/ur_description/package.dsv'
[0.244s] INFO:colcon.colcon_core.shell:Creating package script '/home/matei/ur_yt_ws/install/ur_description/share/ur_description/package.sh'
[0.244s] INFO:colcon.colcon_core.shell:Creating package script '/home/matei/ur_yt_ws/install/ur_description/share/ur_description/package.bash'
[0.245s] INFO:colcon.colcon_core.shell:Creating package script '/home/matei/ur_yt_ws/install/ur_description/share/ur_description/package.zsh'
[0.245s] Level 1:colcon.colcon_core.environment:create_file_with_runtime_dependencies(/home/matei/ur_yt_ws/install/ur_description/share/colcon-core/packages/ur_description)
[0.245s] INFO:colcon.colcon_ros.task.ament_cmake.build:Building ROS package in '/home/matei/ur_yt_ws/src/Universal_Robots_ROS2_Gazebo_Simulation/ur_simulation_gazebo' with build type 'ament_cmake'
[0.245s] INFO:colcon.colcon_cmake.task.cmake.build:Building CMake package in '/home/matei/ur_yt_ws/src/Universal_Robots_ROS2_Gazebo_Simulation/ur_simulation_gazebo'
[0.245s] INFO:colcon.colcon_core.shell:Skip shell extension 'powershell' for command environment: Not usable outside of PowerShell
[0.245s] DEBUG:colcon.colcon_core.shell:Skip shell extension 'dsv' for command environment
[0.250s] DEBUG:colcon.colcon_core.event_handler.log_command:Invoking command in '/home/matei/ur_yt_ws/build/ur_simulation_gazebo': AMENT_PREFIX_PATH=/home/matei/ur_yt_ws/install/ur_description CMAKE_PREFIX_PATH=/home/matei/ur_yt_ws/install/ur_description /usr/bin/cmake --build /home/matei/ur_yt_ws/build/ur_simulation_gazebo -- -j12 -l12
[0.275s] DEBUG:colcon.colcon_core.event_handler.log_command:Invoked command in '/home/matei/ur_yt_ws/build/ur_simulation_gazebo' returned '0': AMENT_PREFIX_PATH=/home/matei/ur_yt_ws/install/ur_description CMAKE_PREFIX_PATH=/home/matei/ur_yt_ws/install/ur_description /usr/bin/cmake --build /home/matei/ur_yt_ws/build/ur_simulation_gazebo -- -j12 -l12
[0.276s] DEBUG:colcon.colcon_core.event_handler.log_command:Invoking command in '/home/matei/ur_yt_ws/build/ur_simulation_gazebo': AMENT_PREFIX_PATH=/home/matei/ur_yt_ws/install/ur_description CMAKE_PREFIX_PATH=/home/matei/ur_yt_ws/install/ur_description /usr/bin/cmake --install /home/matei/ur_yt_ws/build/ur_simulation_gazebo
[0.282s] Level 1:colcon.colcon_core.environment:create_environment_scripts_only(ur_simulation_gazebo)
[0.283s] Level 1:colcon.colcon_core.environment:checking '/home/matei/ur_yt_ws/install/ur_simulation_gazebo' for CMake module files
[0.283s] DEBUG:colcon.colcon_core.event_handler.log_command:Invoked command in '/home/matei/ur_yt_ws/build/ur_simulation_gazebo' returned '0': AMENT_PREFIX_PATH=/home/matei/ur_yt_ws/install/ur_description CMAKE_PREFIX_PATH=/home/matei/ur_yt_ws/install/ur_description /usr/bin/cmake --install /home/matei/ur_yt_ws/build/ur_simulation_gazebo
[0.283s] Level 1:colcon.colcon_core.environment:checking '/home/matei/ur_yt_ws/install/ur_simulation_gazebo' for CMake config files
[0.283s] Level 1:colcon.colcon_core.shell:create_environment_hook('ur_simulation_gazebo', 'cmake_prefix_path')
[0.283s] INFO:colcon.colcon_core.shell:Creating environment hook '/home/matei/ur_yt_ws/install/ur_simulation_gazebo/share/ur_simulation_gazebo/hook/cmake_prefix_path.ps1'
[0.284s] INFO:colcon.colcon_core.shell:Creating environment descriptor '/home/matei/ur_yt_ws/install/ur_simulation_gazebo/share/ur_simulation_gazebo/hook/cmake_prefix_path.dsv'
[0.284s] INFO:colcon.colcon_core.shell:Creating environment hook '/home/matei/ur_yt_ws/install/ur_simulation_gazebo/share/ur_simulation_gazebo/hook/cmake_prefix_path.sh'
[0.284s] Level 1:colcon.colcon_core.environment:checking '/home/matei/ur_yt_ws/install/ur_simulation_gazebo/bin'
[0.284s] Level 1:colcon.colcon_core.environment:checking '/home/matei/ur_yt_ws/install/ur_simulation_gazebo/lib/pkgconfig/ur_simulation_gazebo.pc'
[0.285s] Level 1:colcon.colcon_core.environment:checking '/home/matei/ur_yt_ws/install/ur_simulation_gazebo/lib/python3.10/site-packages'
[0.285s] Level 1:colcon.colcon_core.environment:checking '/home/matei/ur_yt_ws/install/ur_simulation_gazebo/bin'
[0.285s] INFO:colcon.colcon_core.shell:Creating package script '/home/matei/ur_yt_ws/install/ur_simulation_gazebo/share/ur_simulation_gazebo/package.ps1'
[0.285s] INFO:colcon.colcon_core.shell:Creating package descriptor '/home/matei/ur_yt_ws/install/ur_simulation_gazebo/share/ur_simulation_gazebo/package.dsv'
[0.286s] INFO:colcon.colcon_core.shell:Creating package script '/home/matei/ur_yt_ws/install/ur_simulation_gazebo/share/ur_simulation_gazebo/package.sh'
[0.286s] INFO:colcon.colcon_core.shell:Creating package script '/home/matei/ur_yt_ws/install/ur_simulation_gazebo/share/ur_simulation_gazebo/package.bash'
[0.286s] INFO:colcon.colcon_core.shell:Creating package script '/home/matei/ur_yt_ws/install/ur_simulation_gazebo/share/ur_simulation_gazebo/package.zsh'
[0.286s] Level 1:colcon.colcon_core.environment:create_file_with_runtime_dependencies(/home/matei/ur_yt_ws/install/ur_simulation_gazebo/share/colcon-core/packages/ur_simulation_gazebo)
[0.287s] Level 1:colcon.colcon_core.environment:create_environment_scripts_only(ur_simulation_gazebo)
[0.287s] Level 1:colcon.colcon_core.environment:checking '/home/matei/ur_yt_ws/install/ur_simulation_gazebo' for CMake module files
[0.287s] Level 1:colcon.colcon_core.environment:checking '/home/matei/ur_yt_ws/install/ur_simulation_gazebo' for CMake config files
[0.287s] Level 1:colcon.colcon_core.shell:create_environment_hook('ur_simulation_gazebo', 'cmake_prefix_path')
[0.287s] INFO:colcon.colcon_core.shell:Creating environment hook '/home/matei/ur_yt_ws/install/ur_simulation_gazebo/share/ur_simulation_gazebo/hook/cmake_prefix_path.ps1'
[0.288s] INFO:colcon.colcon_core.shell:Creating environment descriptor '/home/matei/ur_yt_ws/install/ur_simulation_gazebo/share/ur_simulation_gazebo/hook/cmake_prefix_path.dsv'
[0.288s] INFO:colcon.colcon_core.shell:Creating environment hook '/home/matei/ur_yt_ws/install/ur_simulation_gazebo/share/ur_simulation_gazebo/hook/cmake_prefix_path.sh'
[0.288s] Level 1:colcon.colcon_core.environment:checking '/home/matei/ur_yt_ws/install/ur_simulation_gazebo/bin'
[0.288s] Level 1:colcon.colcon_core.environment:checking '/home/matei/ur_yt_ws/install/ur_simulation_gazebo/lib/pkgconfig/ur_simulation_gazebo.pc'
[0.289s] Level 1:colcon.colcon_core.environment:checking '/home/matei/ur_yt_ws/install/ur_simulation_gazebo/lib/python3.10/site-packages'
[0.289s] Level 1:colcon.colcon_core.environment:checking '/home/matei/ur_yt_ws/install/ur_simulation_gazebo/bin'
[0.289s] INFO:colcon.colcon_core.shell:Creating package script '/home/matei/ur_yt_ws/install/ur_simulation_gazebo/share/ur_simulation_gazebo/package.ps1'
[0.289s] INFO:colcon.colcon_core.shell:Creating package descriptor '/home/matei/ur_yt_ws/install/ur_simulation_gazebo/share/ur_simulation_gazebo/package.dsv'
[0.290s] INFO:colcon.colcon_core.shell:Creating package script '/home/matei/ur_yt_ws/install/ur_simulation_gazebo/share/ur_simulation_gazebo/package.sh'
[0.290s] INFO:colcon.colcon_core.shell:Creating package script '/home/matei/ur_yt_ws/install/ur_simulation_gazebo/share/ur_simulation_gazebo/package.bash'
[0.290s] INFO:colcon.colcon_core.shell:Creating package script '/home/matei/ur_yt_ws/install/ur_simulation_gazebo/share/ur_simulation_gazebo/package.zsh'
[0.290s] Level 1:colcon.colcon_core.environment:create_file_with_runtime_dependencies(/home/matei/ur_yt_ws/install/ur_simulation_gazebo/share/colcon-core/packages/ur_simulation_gazebo)
[0.291s] DEBUG:colcon.colcon_parallel_executor.executor.parallel:closing loop
[0.291s] DEBUG:colcon.colcon_parallel_executor.executor.parallel:loop closed
[0.291s] DEBUG:colcon.colcon_parallel_executor.executor.parallel:run_until_complete finished with '0'
[0.291s] DEBUG:colcon.colcon_core.event_reactor:joining thread
[0.296s] INFO:colcon.colcon_core.plugin_system:Skipping extension 'colcon_notification.desktop_notification.terminal_notifier': Not used on non-Darwin systems
[0.296s] INFO:colcon.colcon_core.plugin_system:Skipping extension 'colcon_notification.desktop_notification.win32': Not used on non-Windows systems
[0.296s] INFO:colcon.colcon_notification.desktop_notification:Sending desktop notification using 'notify2'
[0.303s] DEBUG:colcon.colcon_core.event_reactor:joined thread
[0.303s] INFO:colcon.colcon_core.shell:Creating prefix script '/home/matei/ur_yt_ws/install/local_setup.ps1'
[0.304s] INFO:colcon.colcon_core.shell:Creating prefix util module '/home/matei/ur_yt_ws/install/_local_setup_util_ps1.py'
[0.305s] INFO:colcon.colcon_core.shell:Creating prefix chain script '/home/matei/ur_yt_ws/install/setup.ps1'
[0.306s] INFO:colcon.colcon_core.shell:Creating prefix script '/home/matei/ur_yt_ws/install/local_setup.sh'
[0.306s] INFO:colcon.colcon_core.shell:Creating prefix util module '/home/matei/ur_yt_ws/install/_local_setup_util_sh.py'
[0.307s] INFO:colcon.colcon_core.shell:Creating prefix chain script '/home/matei/ur_yt_ws/install/setup.sh'
[0.307s] INFO:colcon.colcon_core.shell:Creating prefix script '/home/matei/ur_yt_ws/install/local_setup.bash'
[0.314s] INFO:colcon.colcon_core.shell:Creating prefix chain script '/home/matei/ur_yt_ws/install/setup.bash'
[0.315s] INFO:colcon.colcon_core.shell:Creating prefix script '/home/matei/ur_yt_ws/install/local_setup.zsh'
[0.315s] INFO:colcon.colcon_core.shell:Creating prefix chain script '/home/matei/ur_yt_ws/install/setup.zsh'
